Release 14.7 - ngc2edif P.20131013 (nt64)
Copyright (c) 1995-2013 Xilinx, Inc.  All rights reserved.
Reading design Mod5_LR_Up_Down.ngc ...
WARNING:NetListWriters:298 - No output is written to Mod5_LR_Up_Down.xncf,
   ignored.
Processing design ...
   Preping design's networks ...
   Preping design's macros ...
  finished :Prep
Writing EDIF netlist file Mod5_LR_Up_Down.edif ...
ngc2edif: Total memory usage is 82024 kilobytes

Release 14.7 - ngc2edif P.20131013 (nt64)
Copyright (c) 1995-2013 Xilinx, Inc.  All rights reserved.
Reading design Mod5_LR_Up_Down.ngc ...
WARNING:NetListWriters:298 - No output is written to Mod5_LR_Up_Down.xncf,
   ignored.
Processing design ...
   Preping design's networks ...
   Preping design's macros ...
  finished :Prep
Writing EDIF netlist file Mod5_LR_Up_Down.edif ...
ngc2edif: Total memory usage is 82024 kilobytes

Release 14.7 - ngc2edif P.20131013 (nt64)
Copyright (c) 1995-2013 Xilinx, Inc.  All rights reserved.
Reading design Mod5_LR_Up_Down.ngc ...
WARNING:NetListWriters:298 - No output is written to Mod5_LR_Up_Down.xncf,
   ignored.
Processing design ...
   Preping design's networks ...
   Preping design's macros ...
  finished :Prep
Writing EDIF netlist file Mod5_LR_Up_Down.edif ...
ngc2edif: Total memory usage is 82024 kilobytes

