--------------------------------------------------------------------------------
Release 14.7 Trace  (nt64)
Copyright (c) 1995-2013 Xilinx, Inc.  All rights reserved.

C:\Xilinx\14.7\ISE_DS\ISE\bin\nt64\unwrapped\trce.exe -intstyle ise -v 3 -s 4
-n 3 -fastpaths -xml Counter_Top.twx Counter_Top.ncd -o Counter_Top.twr
Counter_Top.pcf -ucf Counter_Top.ucf

Design file:              Counter_Top.ncd
Physical constraint file: Counter_Top.pcf
Device,package,speed:     xc3s100e,tq144,-4 (PRODUCTION 1.27 2013-10-13)
Report level:             verbose report

Environment Variable      Effect 
--------------------      ------ 
NONE                      No environment variables were set
--------------------------------------------------------------------------------

INFO:Timing:2698 - No timing constraints found, doing default enumeration.
INFO:Timing:3412 - To improve timing, see the Timing Closure User Guide (UG612).
INFO:Timing:2752 - To get complete path coverage, use the unconstrained paths 
   option. All paths that are not constrained will be reported in the 
   unconstrained paths section(s) of the report.
INFO:Timing:3339 - The clock-to-out numbers in this timing report are based on 
   a 50 Ohm transmission line loading model.  For the details of this model, 
   and for more information on accounting for different loading conditions, 
   please see the device datasheet.
INFO:Timing:3390 - This architecture does not support a default System Jitter 
   value, please add SYSTEM_JITTER constraint to the UCF to modify the Clock 
   Uncertainty calculation.
INFO:Timing:3389 - This architecture does not support 'Discrete Jitter' and 
   'Phase Error' calculations, these terms will be zero in the Clock 
   Uncertainty calculation.  Please make appropriate modification to 
   SYSTEM_JITTER to account for the unsupported Discrete Jitter and Phase 
   Error.



Data Sheet report:
-----------------
All values displayed in nanoseconds (ns)

Setup/Hold to clock clock_50Mhz
--------------+------------+------------+------------------+--------+
              |Max Setup to|Max Hold to |                  | Clock  |
Source        | clk (edge) | clk (edge) |Internal Clock(s) | Phase  |
--------------+------------+------------+------------------+--------+
enable_clk_osc|    3.652(R)|    0.927(R)|clock_50Mhz_BUFGP |   0.000|
--------------+------------+------------+------------------+--------+

Clock clock_50Mhz to Pad
------------+------------+------------------+--------+
            | clk (edge) |                  | Clock  |
Destination |   to PAD   |Internal Clock(s) | Phase  |
------------+------------+------------------+--------+
an<0>       |    9.147(R)|clock_50Mhz_BUFGP |   0.000|
an<1>       |    8.856(R)|clock_50Mhz_BUFGP |   0.000|
an<2>       |    8.503(R)|clock_50Mhz_BUFGP |   0.000|
an<3>       |    8.699(R)|clock_50Mhz_BUFGP |   0.000|
sseg<0>     |   10.718(R)|clock_50Mhz_BUFGP |   0.000|
sseg<1>     |   11.468(R)|clock_50Mhz_BUFGP |   0.000|
sseg<2>     |    9.751(R)|clock_50Mhz_BUFGP |   0.000|
sseg<3>     |   10.063(R)|clock_50Mhz_BUFGP |   0.000|
sseg<4>     |    9.637(R)|clock_50Mhz_BUFGP |   0.000|
sseg<5>     |    9.980(R)|clock_50Mhz_BUFGP |   0.000|
sseg<6>     |    9.631(R)|clock_50Mhz_BUFGP |   0.000|
------------+------------+------------------+--------+

Clock to Setup on destination clock clock_50Mhz
---------------+---------+---------+---------+---------+
               | Src:Rise| Src:Fall| Src:Rise| Src:Fall|
Source Clock   |Dest:Rise|Dest:Rise|Dest:Fall|Dest:Fall|
---------------+---------+---------+---------+---------+
clock_50Mhz    |    6.125|         |         |         |
clock_push     |    5.777|         |         |         |
clock_sel      |    5.777|         |         |         |
---------------+---------+---------+---------+---------+

Clock to Setup on destination clock clock_push
---------------+---------+---------+---------+---------+
               | Src:Rise| Src:Fall| Src:Rise| Src:Fall|
Source Clock   |Dest:Rise|Dest:Rise|Dest:Fall|Dest:Fall|
---------------+---------+---------+---------+---------+
clock_50Mhz    |    6.466|         |         |         |
---------------+---------+---------+---------+---------+

Clock to Setup on destination clock clock_sel
---------------+---------+---------+---------+---------+
               | Src:Rise| Src:Fall| Src:Rise| Src:Fall|
Source Clock   |Dest:Rise|Dest:Rise|Dest:Fall|Dest:Fall|
---------------+---------+---------+---------+---------+
clock_50Mhz    |    6.466|         |         |         |
---------------+---------+---------+---------+---------+


Analysis completed Thu Nov 24 18:20:43 2016 
--------------------------------------------------------------------------------

Trace Settings:
-------------------------
Trace Settings 

Peak Memory Usage: 174 MB



