Release 14.7 - ngc2edif P.20131013 (nt64)
Copyright (c) 1995-2013 Xilinx, Inc.  All rights reserved.
Reading design Counter_Top.ngc ...
WARNING:NetListWriters:298 - No output is written to Counter_Top.xncf, ignored.
Processing design ...
   Preping design's networks ...
   Preping design's macros ...
  finished :Prep
Writing EDIF netlist file Counter_Top.edif ...
ngc2edif: Total memory usage is 86120 kilobytes

Release 14.7 - ngc2edif P.20131013 (nt64)
Copyright (c) 1995-2013 Xilinx, Inc.  All rights reserved.
Reading design Counter_Top.ngc ...
WARNING:NetListWriters:298 - No output is written to Counter_Top.xncf, ignored.
Processing design ...
   Preping design's networks ...
   Preping design's macros ...
  finished :Prep
Writing EDIF netlist file Counter_Top.edif ...
ngc2edif: Total memory usage is 86120 kilobytes

