Command line:
   ./Test_1_isim_beh.exe
     -intstyle  ise
     -ipchost  localhost
     -ipcport  1515

Thu May 11 17:55:22 2017

Total Line Count : 16

 Elaboration Time: 0.015625 sec

 Current Memory Usage: 247.296 Meg

 Total Signals          : 10
 Total Nets             : 6
 Total Signal Drivers   : 6
 Total Blocks           : 7
 Total Primitive Blocks : 1
 Total Processes        : 5
 Total Traceable Variables  : 16
 Total Scalar Nets and Variables : 908
ntrace select -o on -m / -l this 
ntrace start 
isimrun 1000 ns 
Simulator is doing circuit initialization process.
Finished circuit initialization process.

 Total Simulation Time: 0.09375 sec

 Current Memory Usage: 257.782 Meg

Thu May 11 18:04:21 2017

