 
cpldfit:  version K.31                              Xilinx Inc.
                                  Fitter Report
Design Name: Top                                 Date: 11- 9-2017, 12:49PM
Device Used: XC9572XL-5-PC44
Fitting Status: Successful

*************************  Mapped Resource Summary  **************************

Macrocells     Product Terms    Function Block   Registers      Pins           
Used/Tot       Used/Tot         Inps Used/Tot    Used/Tot       Used/Tot       
47 /72  ( 65%) 109 /360  ( 30%) 89 /216 ( 41%)   32 /72  ( 44%) 17 /34  ( 50%)

** Function Block Resources **

Function    Mcells      FB Inps     Pterms      IO          
Block       Used/Tot    Used/Tot    Used/Tot    Used/Tot    
FB1           0/18        0/54        0/90       0/ 9
FB2          18/18*      35/54       51/90       5/ 9
FB3          18/18*      34/54       30/90       6/ 9
FB4          11/18       20/54       28/90       3/ 7
             -----       -----       -----      -----    
             47/72       89/216     109/360     14/34 

* - Resource is exhausted

** Global Control Resources **

Signal 'clk50Mhz' mapped onto global clock net GCK1.
Global output enable net(s) unused.
Global set/reset net(s) unused.

** Pin Resources **

Signal Type    Required     Mapped  |  Pin Type            Used    Total 
------------------------------------|------------------------------------
Input         :    2           2    |  I/O              :    15      28
Output        :   14          14    |  GCK/IO           :     1       3
Bidirectional :    0           0    |  GTS/IO           :     0       2
GCK           :    1           1    |  GSR/IO           :     1       1
GTS           :    0           0    |
GSR           :    0           0    |
                 ----        ----
        Total     17          17

** Power Data **

There are 47 macrocells in high performance mode (MCHP).
There are 0 macrocells in low power mode (MCLP).
End of Mapped Resource Summary
*************************  Summary of Mapped Logic  ************************

** 14 Outputs **

Signal                  Total Total Loc     Pin  Pin     Pin     Pwr  Slew Reg Init
Name                    Pts   Inps          No.  Type    Use     Mode Rate State
sseg<1>                 3     7     FB2_2   35   I/O     O       STD  FAST 
bcd<0>                  2     2     FB2_5   36   I/O     O       STD  FAST 
bcd<1>                  2     3     FB2_8   38   I/O     O       STD  FAST 
bcd<2>                  2     5     FB2_15  43   I/O     O       STD  FAST 
sseg<4>                 4     7     FB2_17  44   I/O     O       STD  FAST 
sseg<0>                 4     7     FB3_2   11   I/O     O       STD  FAST 
an<1>                   0     0     FB3_5   12   I/O     O       STD  FAST 
sseg<5>                 0     0     FB3_8   13   I/O     O       STD  FAST 
an<0>                   0     0     FB3_11  18   I/O     O       STD  FAST 
an<3>                   0     0     FB3_15  20   I/O     O       STD  FAST 
an<2>                   0     0     FB3_17  22   I/O     O       STD  FAST 
sseg<2>                 4     7     FB4_2   25   I/O     O       STD  FAST 
sseg<6>                 4     7     FB4_8   27   I/O     O       STD  FAST 
sseg<3>                 4     7     FB4_14  29   I/O     O       STD  FAST 

** 33 Buried Nodes **

Signal                  Total Total Loc     Pwr  Reg Init
Name                    Pts   Inps          Mode State
q1/q1_RSTF              2     5     FB2_1   STD  
q2                      3     28    FB2_3   STD  RESET
q1                      3     28    FB2_4   STD  RESET
q0                      3     29    FB2_6   STD  RESET
not_q2                  3     28    FB2_7   STD  RESET
not_q1                  3     28    FB2_9   STD  RESET
not_q0                  3     29    FB2_10  STD  RESET
clk_1Hz_unit/s_reg<6>   3     27    FB2_11  STD  RESET
clk_1Hz_unit/s_reg<22>  3     27    FB2_12  STD  RESET
clk_1Hz_unit/s_reg<19>  3     27    FB2_13  STD  RESET
clk_1Hz_unit/s_reg<18>  3     27    FB2_14  STD  RESET
clk_1Hz_unit/s_reg<14>  3     27    FB2_16  STD  RESET
clk_1Hz_unit/s_reg<11>  3     27    FB2_18  STD  RESET
clk_1Hz_unit/s_reg<25>  2     26    FB3_1   STD  RESET
clk_1Hz_unit/s_reg<24>  2     25    FB3_3   STD  RESET
clk_1Hz_unit/s_reg<23>  2     24    FB3_4   STD  RESET
clk_1Hz_unit/s_reg<21>  2     22    FB3_6   STD  RESET
clk_1Hz_unit/s_reg<20>  2     21    FB3_7   STD  RESET
clk_1Hz_unit/s_reg<17>  2     18    FB3_9   STD  RESET
clk_1Hz_unit/s_reg<16>  2     17    FB3_10  STD  RESET
clk_1Hz_unit/s_reg<15>  2     16    FB3_12  STD  RESET
clk_1Hz_unit/s_reg<13>  2     14    FB3_13  STD  RESET
clk_1Hz_unit/s_reg<0>   2     27    FB3_14  STD  RESET
clk_1Hz_unit/s_reg<9>   3     27    FB3_16  STD  RESET
clk_1Hz_unit/s_reg<8>   3     27    FB3_18  STD  RESET
clk_1Hz_unit/s_reg<7>   2     8     FB4_10  STD  RESET
clk_1Hz_unit/s_reg<5>   2     6     FB4_11  STD  RESET
clk_1Hz_unit/s_reg<4>   2     5     FB4_12  STD  RESET
clk_1Hz_unit/s_reg<3>   2     4     FB4_13  STD  RESET
clk_1Hz_unit/s_reg<2>   2     3     FB4_15  STD  RESET
clk_1Hz_unit/s_reg<1>   2     2     FB4_16  STD  RESET
clk_1Hz_unit/s_reg<12>  2     13    FB4_17  STD  RESET
clk_1Hz_unit/s_reg<10>  2     11    FB4_18  STD  RESET

** 3 Inputs **

Signal                  Loc     Pin  Pin     Pin     
Name                            No.  Type    Use     
clk50Mhz                FB1_9   5~   GCK/I/O GCK
clk_enable              FB2_9   39   GSR/I/O I
x                       FB4_11  28   I/O     I

Legend:
Pin No. - ~ - User Assigned
**************************  Function Block Details  ************************
Legend:
Total Pt     - Total product terms used by the macrocell signal
Imp Pt       - Product terms imported from other macrocells
Exp Pt       - Product terms exported to other macrocells
               in direction shown
Unused Pt    - Unused local product terms remaining in macrocell
Loc          - Location where logic was mapped in device
Pin Type/Use - I  - Input             GCK - Global Clock
               O  - Output            GTS - Global Output Enable
              (b) - Buried macrocell  GSR - Global Set/Reset
X            - Signal used as input to the macrocell logic.
Pin No.      - ~  - User Assigned
*********************************** FB1  ***********************************
Number of function block inputs used/remaining:               0/54
Number of signals used by logic mapping into function block:  0
Signal              Total   Imp   Exp Unused  Loc     Pin   Pin     Pin
Name                Pt      Pt    Pt  Pt               #    Type    Use
(unused)              0       0     0   5     FB1_1         (b)     
(unused)              0       0     0   5     FB1_2   1     I/O     
(unused)              0       0     0   5     FB1_3         (b)     
(unused)              0       0     0   5     FB1_4         (b)     
(unused)              0       0     0   5     FB1_5   2     I/O     
(unused)              0       0     0   5     FB1_6   3     I/O     
(unused)              0       0     0   5     FB1_7         (b)     
(unused)              0       0     0   5     FB1_8   4     I/O     
(unused)              0       0     0   5     FB1_9   5     GCK/I/O GCK
(unused)              0       0     0   5     FB1_10        (b)     
(unused)              0       0     0   5     FB1_11  6     GCK/I/O 
(unused)              0       0     0   5     FB1_12        (b)     
(unused)              0       0     0   5     FB1_13        (b)     
(unused)              0       0     0   5     FB1_14  7     GCK/I/O 
(unused)              0       0     0   5     FB1_15  8     I/O     
(unused)              0       0     0   5     FB1_16        (b)     
(unused)              0       0     0   5     FB1_17  9     I/O     
(unused)              0       0     0   5     FB1_18        (b)     
*********************************** FB2  ***********************************
Number of function block inputs used/remaining:               35/19
Number of signals used by logic mapping into function block:  35
Signal              Total   Imp   Exp Unused  Loc     Pin   Pin     Pin
Name                Pt      Pt    Pt  Pt               #    Type    Use
q1/q1_RSTF            2       0     0   3     FB2_1         (b)     (b)
sseg<1>               3       0     0   2     FB2_2   35    I/O     O
q2                    3       0     0   2     FB2_3         (b)     (b)
q1                    3       0     0   2     FB2_4         (b)     (b)
bcd<0>                2       0     0   3     FB2_5   36    I/O     O
q0                    3       0     0   2     FB2_6   37    I/O     (b)
not_q2                3       0     0   2     FB2_7         (b)     (b)
bcd<1>                2       0     0   3     FB2_8   38    I/O     O
not_q1                3       0     0   2     FB2_9   39    GSR/I/O I
not_q0                3       0     0   2     FB2_10        (b)     (b)
clk_1Hz_unit/s_reg<6>
                      3       0     0   2     FB2_11  40    GTS/I/O (b)
clk_1Hz_unit/s_reg<22>
                      3       0     0   2     FB2_12        (b)     (b)
clk_1Hz_unit/s_reg<19>
                      3       0     0   2     FB2_13        (b)     (b)
clk_1Hz_unit/s_reg<18>
                      3       0     0   2     FB2_14  42    GTS/I/O (b)
bcd<2>                2       0     0   3     FB2_15  43    I/O     O
clk_1Hz_unit/s_reg<14>
                      3       0     0   2     FB2_16        (b)     (b)
sseg<4>               4       0     0   1     FB2_17  44    I/O     O
clk_1Hz_unit/s_reg<11>
                      3       0     0   2     FB2_18        (b)     (b)

Signals Used by Logic in Function Block
  1: clk_1Hz_unit/s_reg<0>   13: clk_1Hz_unit/s_reg<20>  25: clk_1Hz_unit/s_reg<8> 
  2: clk_1Hz_unit/s_reg<10>  14: clk_1Hz_unit/s_reg<21>  26: clk_1Hz_unit/s_reg<9> 
  3: clk_1Hz_unit/s_reg<11>  15: clk_1Hz_unit/s_reg<22>  27: clk_enable 
  4: clk_1Hz_unit/s_reg<12>  16: clk_1Hz_unit/s_reg<23>  28: not_q0 
  5: clk_1Hz_unit/s_reg<13>  17: clk_1Hz_unit/s_reg<24>  29: not_q1 
  6: clk_1Hz_unit/s_reg<14>  18: clk_1Hz_unit/s_reg<25>  30: not_q2 
  7: clk_1Hz_unit/s_reg<15>  19: clk_1Hz_unit/s_reg<2>   31: q0 
  8: clk_1Hz_unit/s_reg<16>  20: clk_1Hz_unit/s_reg<3>   32: q1 
  9: clk_1Hz_unit/s_reg<17>  21: clk_1Hz_unit/s_reg<4>   33: q1/q1_RSTF 
 10: clk_1Hz_unit/s_reg<18>  22: clk_1Hz_unit/s_reg<5>   34: q2 
 11: clk_1Hz_unit/s_reg<19>  23: clk_1Hz_unit/s_reg<6>   35: x 
 12: clk_1Hz_unit/s_reg<1>   24: clk_1Hz_unit/s_reg<7>  

Signal                        1         2         3         4 FB
Name                0----+----0----+----0----+----0----+----0 Inputs
q1/q1_RSTF           ...........................X.XXX.X...... 5
sseg<1>              ...........................XXXXX.XX..... 7
q2                   XXXXXXXXXXXXXXXXXXXXXXXXXX.....XX....... 28
q1                   XXXXXXXXXXXXXXXXXXXXXXXXXX....X.X....... 28
bcd<0>               ..............................XX........ 2
q0                   XXXXXXXXXXXXXXXXXXXXXXXXXX..XX..X....... 29
not_q2               XXXXXXXXXXXXXXXXXXXXXXXXXX.....XX....... 28
bcd<1>               ..............................XX..X..... 3
not_q1               XXXXXXXXXXXXXXXXXXXXXXXXXX....X.X....... 28
not_q0               XXXXXXXXXXXXXXXXXXXXXXXXXX..XX..X....... 29
clk_1Hz_unit/s_reg<6> 
                     XXXXXXXXXXXXXXXXXXXXXXXXXXX............. 27
clk_1Hz_unit/s_reg<22> 
                     XXXXXXXXXXXXXXXXXXXXXXXXXXX............. 27
clk_1Hz_unit/s_reg<19> 
                     XXXXXXXXXXXXXXXXXXXXXXXXXXX............. 27
clk_1Hz_unit/s_reg<18> 
                     XXXXXXXXXXXXXXXXXXXXXXXXXXX............. 27
bcd<2>               ...........................XXX...XX..... 5
clk_1Hz_unit/s_reg<14> 
                     XXXXXXXXXXXXXXXXXXXXXXXXXXX............. 27
sseg<4>              ...........................XXXXX.XX..... 7
clk_1Hz_unit/s_reg<11> 
                     XXXXXXXXXXXXXXXXXXXXXXXXXXX............. 27
                    0----+----1----+----2----+----3----+----4
                              0         0         0         0
*********************************** FB3  ***********************************
Number of function block inputs used/remaining:               34/20
Number of signals used by logic mapping into function block:  34
Signal              Total   Imp   Exp Unused  Loc     Pin   Pin     Pin
Name                Pt      Pt    Pt  Pt               #    Type    Use
clk_1Hz_unit/s_reg<25>
                      2       0     0   3     FB3_1         (b)     (b)
sseg<0>               4       0     0   1     FB3_2   11    I/O     O
clk_1Hz_unit/s_reg<24>
                      2       0     0   3     FB3_3         (b)     (b)
clk_1Hz_unit/s_reg<23>
                      2       0     0   3     FB3_4         (b)     (b)
an<1>                 0       0     0   5     FB3_5   12    I/O     O
clk_1Hz_unit/s_reg<21>
                      2       0     0   3     FB3_6         (b)     (b)
clk_1Hz_unit/s_reg<20>
                      2       0     0   3     FB3_7         (b)     (b)
sseg<5>               0       0     0   5     FB3_8   13    I/O     O
clk_1Hz_unit/s_reg<17>
                      2       0     0   3     FB3_9   14    I/O     (b)
clk_1Hz_unit/s_reg<16>
                      2       0     0   3     FB3_10        (b)     (b)
an<0>                 0       0     0   5     FB3_11  18    I/O     O
clk_1Hz_unit/s_reg<15>
                      2       0     0   3     FB3_12        (b)     (b)
clk_1Hz_unit/s_reg<13>
                      2       0     0   3     FB3_13        (b)     (b)
clk_1Hz_unit/s_reg<0>
                      2       0     0   3     FB3_14  19    I/O     (b)
an<3>                 0       0     0   5     FB3_15  20    I/O     O
clk_1Hz_unit/s_reg<9>
                      3       0     0   2     FB3_16  24    I/O     (b)
an<2>                 0       0     0   5     FB3_17  22    I/O     O
clk_1Hz_unit/s_reg<8>
                      3       0     0   2     FB3_18        (b)     (b)

Signals Used by Logic in Function Block
  1: clk_1Hz_unit/s_reg<0>   13: clk_1Hz_unit/s_reg<20>  24: clk_1Hz_unit/s_reg<7> 
  2: clk_1Hz_unit/s_reg<10>  14: clk_1Hz_unit/s_reg<21>  25: clk_1Hz_unit/s_reg<8> 
  3: clk_1Hz_unit/s_reg<11>  15: clk_1Hz_unit/s_reg<22>  26: clk_1Hz_unit/s_reg<9> 
  4: clk_1Hz_unit/s_reg<12>  16: clk_1Hz_unit/s_reg<23>  27: clk_enable 
  5: clk_1Hz_unit/s_reg<13>  17: clk_1Hz_unit/s_reg<24>  28: not_q0 
  6: clk_1Hz_unit/s_reg<14>  18: clk_1Hz_unit/s_reg<25>  29: not_q1 
  7: clk_1Hz_unit/s_reg<15>  19: clk_1Hz_unit/s_reg<2>   30: not_q2 
  8: clk_1Hz_unit/s_reg<16>  20: clk_1Hz_unit/s_reg<3>   31: q0 
  9: clk_1Hz_unit/s_reg<17>  21: clk_1Hz_unit/s_reg<4>   32: q1 
 10: clk_1Hz_unit/s_reg<18>  22: clk_1Hz_unit/s_reg<5>   33: q2 
 11: clk_1Hz_unit/s_reg<19>  23: clk_1Hz_unit/s_reg<6>   34: x 
 12: clk_1Hz_unit/s_reg<1>  

Signal                        1         2         3         4 FB
Name                0----+----0----+----0----+----0----+----0 Inputs
clk_1Hz_unit/s_reg<25> 
                     XXXXXXXXXXXXXXXXX.XXXXXXXXX............. 26
sseg<0>              ...........................XXXXXXX...... 7
clk_1Hz_unit/s_reg<24> 
                     XXXXXXXXXXXXXXXX..XXXXXXXXX............. 25
clk_1Hz_unit/s_reg<23> 
                     XXXXXXXXXXXXXXX...XXXXXXXXX............. 24
an<1>                ........................................ 0
clk_1Hz_unit/s_reg<21> 
                     XXXXXXXXXXXXX.....XXXXXXXXX............. 22
clk_1Hz_unit/s_reg<20> 
                     XXXXXXXXXXXX......XXXXXXXXX............. 21
sseg<5>              ........................................ 0
clk_1Hz_unit/s_reg<17> 
                     XXXXXXXX...X......XXXXXXXXX............. 18
clk_1Hz_unit/s_reg<16> 
                     XXXXXXX....X......XXXXXXXXX............. 17
an<0>                ........................................ 0
clk_1Hz_unit/s_reg<15> 
                     XXXXXX.....X......XXXXXXXXX............. 16
clk_1Hz_unit/s_reg<13> 
                     XXXX.......X......XXXXXXXXX............. 14
clk_1Hz_unit/s_reg<0> 
                     XXXXXXXXXXXXXXXXXXXXXXXXXXX............. 27
an<3>                ........................................ 0
clk_1Hz_unit/s_reg<9> 
                     XXXXXXXXXXXXXXXXXXXXXXXXXXX............. 27
an<2>                ........................................ 0
clk_1Hz_unit/s_reg<8> 
                     XXXXXXXXXXXXXXXXXXXXXXXXXXX............. 27
                    0----+----1----+----2----+----3----+----4
                              0         0         0         0
*********************************** FB4  ***********************************
Number of function block inputs used/remaining:               20/34
Number of signals used by logic mapping into function block:  20
Signal              Total   Imp   Exp Unused  Loc     Pin   Pin     Pin
Name                Pt      Pt    Pt  Pt               #    Type    Use
(unused)              0       0     0   5     FB4_1         (b)     
sseg<2>               4       0     0   1     FB4_2   25    I/O     O
(unused)              0       0     0   5     FB4_3         (b)     
(unused)              0       0     0   5     FB4_4         (b)     
(unused)              0       0     0   5     FB4_5   26    I/O     
(unused)              0       0     0   5     FB4_6         (b)     
(unused)              0       0     0   5     FB4_7         (b)     
sseg<6>               4       0     0   1     FB4_8   27    I/O     O
(unused)              0       0     0   5     FB4_9         (b)     
clk_1Hz_unit/s_reg<7>
                      2       0     0   3     FB4_10        (b)     (b)
clk_1Hz_unit/s_reg<5>
                      2       0     0   3     FB4_11  28    I/O     I
clk_1Hz_unit/s_reg<4>
                      2       0     0   3     FB4_12        (b)     (b)
clk_1Hz_unit/s_reg<3>
                      2       0     0   3     FB4_13        (b)     (b)
sseg<3>               4       0     0   1     FB4_14  29    I/O     O
clk_1Hz_unit/s_reg<2>
                      2       0     0   3     FB4_15  33    I/O     (b)
clk_1Hz_unit/s_reg<1>
                      2       0     0   3     FB4_16        (b)     (b)
clk_1Hz_unit/s_reg<12>
                      2       0     0   3     FB4_17  34    I/O     (b)
clk_1Hz_unit/s_reg<10>
                      2       0     0   3     FB4_18        (b)     (b)

Signals Used by Logic in Function Block
  1: clk_1Hz_unit/s_reg<0>    8: clk_1Hz_unit/s_reg<5>  15: not_q1 
  2: clk_1Hz_unit/s_reg<10>   9: clk_1Hz_unit/s_reg<6>  16: not_q2 
  3: clk_1Hz_unit/s_reg<11>  10: clk_1Hz_unit/s_reg<7>  17: q0 
  4: clk_1Hz_unit/s_reg<1>   11: clk_1Hz_unit/s_reg<8>  18: q1 
  5: clk_1Hz_unit/s_reg<2>   12: clk_1Hz_unit/s_reg<9>  19: q2 
  6: clk_1Hz_unit/s_reg<3>   13: clk_enable             20: x 
  7: clk_1Hz_unit/s_reg<4>   14: not_q0                

Signal                        1         2         3         4 FB
Name                0----+----0----+----0----+----0----+----0 Inputs
sseg<2>              .............XXXXXXX.................... 7
sseg<6>              .............XXXXXXX.................... 7
clk_1Hz_unit/s_reg<7> 
                     X..XXXXXX...X........................... 8
clk_1Hz_unit/s_reg<5> 
                     X..XXXX.....X........................... 6
clk_1Hz_unit/s_reg<4> 
                     X..XXX......X........................... 5
clk_1Hz_unit/s_reg<3> 
                     X..XX.......X........................... 4
sseg<3>              .............XXXXXXX.................... 7
clk_1Hz_unit/s_reg<2> 
                     X..X........X........................... 3
clk_1Hz_unit/s_reg<1> 
                     X...........X........................... 2
clk_1Hz_unit/s_reg<12> 
                     XXXXXXXXXXXXX........................... 13
clk_1Hz_unit/s_reg<10> 
                     X..XXXXXXXXXX........................... 11
                    0----+----1----+----2----+----3----+----4
                              0         0         0         0
*******************************  Equations  ********************************

********** Mapped Logic **********


an(0) <= '0';


an(1) <= '1';


an(2) <= '1';


an(3) <= '1';


bcd(0) <= q0
	 XOR 
bcd(0) <= q1;


bcd(1) <= ((q0 AND NOT x)
	OR (q1 AND x));


bcd(2) <= ((not_q2 AND not_q0 AND NOT x)
	OR (not_q1 AND q2 AND x));

FTCPE_clk_1Hz_unit/s_reg0: FTCPE port map (clk_1Hz_unit/s_reg(0),clk_1Hz_unit/s_reg_T(0),clk50Mhz,'0','0',clk_enable);
clk_1Hz_unit/s_reg_T(0) <= (clk_enable AND NOT clk_1Hz_unit/s_reg(0) AND 
	NOT clk_1Hz_unit/s_reg(10) AND clk_1Hz_unit/s_reg(11) AND NOT clk_1Hz_unit/s_reg(12) AND 
	NOT clk_1Hz_unit/s_reg(13) AND clk_1Hz_unit/s_reg(14) AND NOT clk_1Hz_unit/s_reg(15) AND 
	NOT clk_1Hz_unit/s_reg(16) AND NOT clk_1Hz_unit/s_reg(17) AND clk_1Hz_unit/s_reg(18) AND 
	clk_1Hz_unit/s_reg(19) AND NOT clk_1Hz_unit/s_reg(1) AND NOT clk_1Hz_unit/s_reg(20) AND 
	NOT clk_1Hz_unit/s_reg(21) AND clk_1Hz_unit/s_reg(22) AND NOT clk_1Hz_unit/s_reg(23) AND 
	NOT clk_1Hz_unit/s_reg(24) AND NOT clk_1Hz_unit/s_reg(2) AND NOT clk_1Hz_unit/s_reg(3) AND 
	NOT clk_1Hz_unit/s_reg(4) AND NOT clk_1Hz_unit/s_reg(5) AND clk_1Hz_unit/s_reg(6) AND 
	NOT clk_1Hz_unit/s_reg(7) AND clk_1Hz_unit/s_reg(8) AND clk_1Hz_unit/s_reg(9) AND 
	NOT clk_1Hz_unit/s_reg(25));

FTCPE_clk_1Hz_unit/s_reg1: FTCPE port map (clk_1Hz_unit/s_reg(1),clk_1Hz_unit/s_reg(0),clk50Mhz,'0','0',clk_enable);

FTCPE_clk_1Hz_unit/s_reg2: FTCPE port map (clk_1Hz_unit/s_reg(2),clk_1Hz_unit/s_reg_T(2),clk50Mhz,'0','0',clk_enable);
clk_1Hz_unit/s_reg_T(2) <= (clk_1Hz_unit/s_reg(0) AND clk_1Hz_unit/s_reg(1));

FTCPE_clk_1Hz_unit/s_reg3: FTCPE port map (clk_1Hz_unit/s_reg(3),clk_1Hz_unit/s_reg_T(3),clk50Mhz,'0','0',clk_enable);
clk_1Hz_unit/s_reg_T(3) <= (clk_1Hz_unit/s_reg(0) AND clk_1Hz_unit/s_reg(1) AND 
	clk_1Hz_unit/s_reg(2));

FTCPE_clk_1Hz_unit/s_reg4: FTCPE port map (clk_1Hz_unit/s_reg(4),clk_1Hz_unit/s_reg_T(4),clk50Mhz,'0','0',clk_enable);
clk_1Hz_unit/s_reg_T(4) <= (clk_1Hz_unit/s_reg(0) AND clk_1Hz_unit/s_reg(1) AND 
	clk_1Hz_unit/s_reg(2) AND clk_1Hz_unit/s_reg(3));

FTCPE_clk_1Hz_unit/s_reg5: FTCPE port map (clk_1Hz_unit/s_reg(5),clk_1Hz_unit/s_reg_T(5),clk50Mhz,'0','0',clk_enable);
clk_1Hz_unit/s_reg_T(5) <= (clk_1Hz_unit/s_reg(0) AND clk_1Hz_unit/s_reg(1) AND 
	clk_1Hz_unit/s_reg(2) AND clk_1Hz_unit/s_reg(3) AND clk_1Hz_unit/s_reg(4));

FTCPE_clk_1Hz_unit/s_reg6: FTCPE port map (clk_1Hz_unit/s_reg(6),clk_1Hz_unit/s_reg_T(6),clk50Mhz,'0','0',clk_enable);
clk_1Hz_unit/s_reg_T(6) <= ((clk_1Hz_unit/s_reg(0) AND clk_1Hz_unit/s_reg(1) AND 
	clk_1Hz_unit/s_reg(2) AND clk_1Hz_unit/s_reg(3) AND clk_1Hz_unit/s_reg(4) AND 
	clk_1Hz_unit/s_reg(5))
	OR (clk_enable AND NOT clk_1Hz_unit/s_reg(0) AND 
	NOT clk_1Hz_unit/s_reg(10) AND clk_1Hz_unit/s_reg(11) AND NOT clk_1Hz_unit/s_reg(12) AND 
	NOT clk_1Hz_unit/s_reg(13) AND clk_1Hz_unit/s_reg(14) AND NOT clk_1Hz_unit/s_reg(15) AND 
	NOT clk_1Hz_unit/s_reg(16) AND NOT clk_1Hz_unit/s_reg(17) AND clk_1Hz_unit/s_reg(18) AND 
	clk_1Hz_unit/s_reg(19) AND NOT clk_1Hz_unit/s_reg(1) AND NOT clk_1Hz_unit/s_reg(20) AND 
	NOT clk_1Hz_unit/s_reg(21) AND clk_1Hz_unit/s_reg(22) AND NOT clk_1Hz_unit/s_reg(23) AND 
	NOT clk_1Hz_unit/s_reg(24) AND NOT clk_1Hz_unit/s_reg(2) AND NOT clk_1Hz_unit/s_reg(3) AND 
	NOT clk_1Hz_unit/s_reg(4) AND NOT clk_1Hz_unit/s_reg(5) AND clk_1Hz_unit/s_reg(6) AND 
	NOT clk_1Hz_unit/s_reg(7) AND clk_1Hz_unit/s_reg(8) AND clk_1Hz_unit/s_reg(9) AND 
	NOT clk_1Hz_unit/s_reg(25)));

FTCPE_clk_1Hz_unit/s_reg7: FTCPE port map (clk_1Hz_unit/s_reg(7),clk_1Hz_unit/s_reg_T(7),clk50Mhz,'0','0',clk_enable);
clk_1Hz_unit/s_reg_T(7) <= (clk_1Hz_unit/s_reg(0) AND clk_1Hz_unit/s_reg(1) AND 
	clk_1Hz_unit/s_reg(2) AND clk_1Hz_unit/s_reg(3) AND clk_1Hz_unit/s_reg(4) AND 
	clk_1Hz_unit/s_reg(5) AND clk_1Hz_unit/s_reg(6));

FTCPE_clk_1Hz_unit/s_reg8: FTCPE port map (clk_1Hz_unit/s_reg(8),clk_1Hz_unit/s_reg_T(8),clk50Mhz,'0','0',clk_enable);
clk_1Hz_unit/s_reg_T(8) <= ((clk_1Hz_unit/s_reg(0) AND clk_1Hz_unit/s_reg(1) AND 
	clk_1Hz_unit/s_reg(2) AND clk_1Hz_unit/s_reg(3) AND clk_1Hz_unit/s_reg(4) AND 
	clk_1Hz_unit/s_reg(5) AND clk_1Hz_unit/s_reg(6) AND clk_1Hz_unit/s_reg(7))
	OR (clk_enable AND NOT clk_1Hz_unit/s_reg(0) AND 
	NOT clk_1Hz_unit/s_reg(10) AND clk_1Hz_unit/s_reg(11) AND NOT clk_1Hz_unit/s_reg(12) AND 
	NOT clk_1Hz_unit/s_reg(13) AND clk_1Hz_unit/s_reg(14) AND NOT clk_1Hz_unit/s_reg(15) AND 
	NOT clk_1Hz_unit/s_reg(16) AND NOT clk_1Hz_unit/s_reg(17) AND clk_1Hz_unit/s_reg(18) AND 
	clk_1Hz_unit/s_reg(19) AND NOT clk_1Hz_unit/s_reg(1) AND NOT clk_1Hz_unit/s_reg(20) AND 
	NOT clk_1Hz_unit/s_reg(21) AND clk_1Hz_unit/s_reg(22) AND NOT clk_1Hz_unit/s_reg(23) AND 
	NOT clk_1Hz_unit/s_reg(24) AND NOT clk_1Hz_unit/s_reg(2) AND NOT clk_1Hz_unit/s_reg(3) AND 
	NOT clk_1Hz_unit/s_reg(4) AND NOT clk_1Hz_unit/s_reg(5) AND clk_1Hz_unit/s_reg(6) AND 
	NOT clk_1Hz_unit/s_reg(7) AND clk_1Hz_unit/s_reg(8) AND clk_1Hz_unit/s_reg(9) AND 
	NOT clk_1Hz_unit/s_reg(25)));

FTCPE_clk_1Hz_unit/s_reg9: FTCPE port map (clk_1Hz_unit/s_reg(9),clk_1Hz_unit/s_reg_T(9),clk50Mhz,'0','0',clk_enable);
clk_1Hz_unit/s_reg_T(9) <= ((clk_1Hz_unit/s_reg(0) AND clk_1Hz_unit/s_reg(1) AND 
	clk_1Hz_unit/s_reg(2) AND clk_1Hz_unit/s_reg(3) AND clk_1Hz_unit/s_reg(4) AND 
	clk_1Hz_unit/s_reg(5) AND clk_1Hz_unit/s_reg(6) AND clk_1Hz_unit/s_reg(7) AND 
	clk_1Hz_unit/s_reg(8))
	OR (clk_enable AND NOT clk_1Hz_unit/s_reg(0) AND 
	NOT clk_1Hz_unit/s_reg(10) AND clk_1Hz_unit/s_reg(11) AND NOT clk_1Hz_unit/s_reg(12) AND 
	NOT clk_1Hz_unit/s_reg(13) AND clk_1Hz_unit/s_reg(14) AND NOT clk_1Hz_unit/s_reg(15) AND 
	NOT clk_1Hz_unit/s_reg(16) AND NOT clk_1Hz_unit/s_reg(17) AND clk_1Hz_unit/s_reg(18) AND 
	clk_1Hz_unit/s_reg(19) AND NOT clk_1Hz_unit/s_reg(1) AND NOT clk_1Hz_unit/s_reg(20) AND 
	NOT clk_1Hz_unit/s_reg(21) AND clk_1Hz_unit/s_reg(22) AND NOT clk_1Hz_unit/s_reg(23) AND 
	NOT clk_1Hz_unit/s_reg(24) AND NOT clk_1Hz_unit/s_reg(2) AND NOT clk_1Hz_unit/s_reg(3) AND 
	NOT clk_1Hz_unit/s_reg(4) AND NOT clk_1Hz_unit/s_reg(5) AND clk_1Hz_unit/s_reg(6) AND 
	NOT clk_1Hz_unit/s_reg(7) AND clk_1Hz_unit/s_reg(8) AND clk_1Hz_unit/s_reg(9) AND 
	NOT clk_1Hz_unit/s_reg(25)));

FTCPE_clk_1Hz_unit/s_reg10: FTCPE port map (clk_1Hz_unit/s_reg(10),clk_1Hz_unit/s_reg_T(10),clk50Mhz,'0','0',clk_enable);
clk_1Hz_unit/s_reg_T(10) <= (clk_1Hz_unit/s_reg(0) AND clk_1Hz_unit/s_reg(1) AND 
	clk_1Hz_unit/s_reg(2) AND clk_1Hz_unit/s_reg(3) AND clk_1Hz_unit/s_reg(4) AND 
	clk_1Hz_unit/s_reg(5) AND clk_1Hz_unit/s_reg(6) AND clk_1Hz_unit/s_reg(7) AND 
	clk_1Hz_unit/s_reg(8) AND clk_1Hz_unit/s_reg(9));

FTCPE_clk_1Hz_unit/s_reg11: FTCPE port map (clk_1Hz_unit/s_reg(11),clk_1Hz_unit/s_reg_T(11),clk50Mhz,'0','0',clk_enable);
clk_1Hz_unit/s_reg_T(11) <= ((clk_1Hz_unit/s_reg(0) AND clk_1Hz_unit/s_reg(10) AND 
	clk_1Hz_unit/s_reg(1) AND clk_1Hz_unit/s_reg(2) AND clk_1Hz_unit/s_reg(3) AND 
	clk_1Hz_unit/s_reg(4) AND clk_1Hz_unit/s_reg(5) AND clk_1Hz_unit/s_reg(6) AND 
	clk_1Hz_unit/s_reg(7) AND clk_1Hz_unit/s_reg(8) AND clk_1Hz_unit/s_reg(9))
	OR (clk_enable AND NOT clk_1Hz_unit/s_reg(0) AND 
	NOT clk_1Hz_unit/s_reg(10) AND clk_1Hz_unit/s_reg(11) AND NOT clk_1Hz_unit/s_reg(12) AND 
	NOT clk_1Hz_unit/s_reg(13) AND clk_1Hz_unit/s_reg(14) AND NOT clk_1Hz_unit/s_reg(15) AND 
	NOT clk_1Hz_unit/s_reg(16) AND NOT clk_1Hz_unit/s_reg(17) AND clk_1Hz_unit/s_reg(18) AND 
	clk_1Hz_unit/s_reg(19) AND NOT clk_1Hz_unit/s_reg(1) AND NOT clk_1Hz_unit/s_reg(20) AND 
	NOT clk_1Hz_unit/s_reg(21) AND clk_1Hz_unit/s_reg(22) AND NOT clk_1Hz_unit/s_reg(23) AND 
	NOT clk_1Hz_unit/s_reg(24) AND NOT clk_1Hz_unit/s_reg(2) AND NOT clk_1Hz_unit/s_reg(3) AND 
	NOT clk_1Hz_unit/s_reg(4) AND NOT clk_1Hz_unit/s_reg(5) AND clk_1Hz_unit/s_reg(6) AND 
	NOT clk_1Hz_unit/s_reg(7) AND clk_1Hz_unit/s_reg(8) AND clk_1Hz_unit/s_reg(9) AND 
	NOT clk_1Hz_unit/s_reg(25)));

FTCPE_clk_1Hz_unit/s_reg12: FTCPE port map (clk_1Hz_unit/s_reg(12),clk_1Hz_unit/s_reg_T(12),clk50Mhz,'0','0',clk_enable);
clk_1Hz_unit/s_reg_T(12) <= (clk_1Hz_unit/s_reg(0) AND clk_1Hz_unit/s_reg(10) AND 
	clk_1Hz_unit/s_reg(11) AND clk_1Hz_unit/s_reg(1) AND clk_1Hz_unit/s_reg(2) AND 
	clk_1Hz_unit/s_reg(3) AND clk_1Hz_unit/s_reg(4) AND clk_1Hz_unit/s_reg(5) AND 
	clk_1Hz_unit/s_reg(6) AND clk_1Hz_unit/s_reg(7) AND clk_1Hz_unit/s_reg(8) AND 
	clk_1Hz_unit/s_reg(9));

FTCPE_clk_1Hz_unit/s_reg13: FTCPE port map (clk_1Hz_unit/s_reg(13),clk_1Hz_unit/s_reg_T(13),clk50Mhz,'0','0',clk_enable);
clk_1Hz_unit/s_reg_T(13) <= (clk_1Hz_unit/s_reg(0) AND clk_1Hz_unit/s_reg(10) AND 
	clk_1Hz_unit/s_reg(11) AND clk_1Hz_unit/s_reg(12) AND clk_1Hz_unit/s_reg(1) AND 
	clk_1Hz_unit/s_reg(2) AND clk_1Hz_unit/s_reg(3) AND clk_1Hz_unit/s_reg(4) AND 
	clk_1Hz_unit/s_reg(5) AND clk_1Hz_unit/s_reg(6) AND clk_1Hz_unit/s_reg(7) AND 
	clk_1Hz_unit/s_reg(8) AND clk_1Hz_unit/s_reg(9));

FTCPE_clk_1Hz_unit/s_reg14: FTCPE port map (clk_1Hz_unit/s_reg(14),clk_1Hz_unit/s_reg_T(14),clk50Mhz,'0','0',clk_enable);
clk_1Hz_unit/s_reg_T(14) <= ((clk_1Hz_unit/s_reg(0) AND clk_1Hz_unit/s_reg(10) AND 
	clk_1Hz_unit/s_reg(11) AND clk_1Hz_unit/s_reg(12) AND clk_1Hz_unit/s_reg(13) AND 
	clk_1Hz_unit/s_reg(1) AND clk_1Hz_unit/s_reg(2) AND clk_1Hz_unit/s_reg(3) AND 
	clk_1Hz_unit/s_reg(4) AND clk_1Hz_unit/s_reg(5) AND clk_1Hz_unit/s_reg(6) AND 
	clk_1Hz_unit/s_reg(7) AND clk_1Hz_unit/s_reg(8) AND clk_1Hz_unit/s_reg(9))
	OR (clk_enable AND NOT clk_1Hz_unit/s_reg(0) AND 
	NOT clk_1Hz_unit/s_reg(10) AND clk_1Hz_unit/s_reg(11) AND NOT clk_1Hz_unit/s_reg(12) AND 
	NOT clk_1Hz_unit/s_reg(13) AND clk_1Hz_unit/s_reg(14) AND NOT clk_1Hz_unit/s_reg(15) AND 
	NOT clk_1Hz_unit/s_reg(16) AND NOT clk_1Hz_unit/s_reg(17) AND clk_1Hz_unit/s_reg(18) AND 
	clk_1Hz_unit/s_reg(19) AND NOT clk_1Hz_unit/s_reg(1) AND NOT clk_1Hz_unit/s_reg(20) AND 
	NOT clk_1Hz_unit/s_reg(21) AND clk_1Hz_unit/s_reg(22) AND NOT clk_1Hz_unit/s_reg(23) AND 
	NOT clk_1Hz_unit/s_reg(24) AND NOT clk_1Hz_unit/s_reg(2) AND NOT clk_1Hz_unit/s_reg(3) AND 
	NOT clk_1Hz_unit/s_reg(4) AND NOT clk_1Hz_unit/s_reg(5) AND clk_1Hz_unit/s_reg(6) AND 
	NOT clk_1Hz_unit/s_reg(7) AND clk_1Hz_unit/s_reg(8) AND clk_1Hz_unit/s_reg(9) AND 
	NOT clk_1Hz_unit/s_reg(25)));

FTCPE_clk_1Hz_unit/s_reg15: FTCPE port map (clk_1Hz_unit/s_reg(15),clk_1Hz_unit/s_reg_T(15),clk50Mhz,'0','0',clk_enable);
clk_1Hz_unit/s_reg_T(15) <= (clk_1Hz_unit/s_reg(0) AND clk_1Hz_unit/s_reg(10) AND 
	clk_1Hz_unit/s_reg(11) AND clk_1Hz_unit/s_reg(12) AND clk_1Hz_unit/s_reg(13) AND 
	clk_1Hz_unit/s_reg(14) AND clk_1Hz_unit/s_reg(1) AND clk_1Hz_unit/s_reg(2) AND 
	clk_1Hz_unit/s_reg(3) AND clk_1Hz_unit/s_reg(4) AND clk_1Hz_unit/s_reg(5) AND 
	clk_1Hz_unit/s_reg(6) AND clk_1Hz_unit/s_reg(7) AND clk_1Hz_unit/s_reg(8) AND 
	clk_1Hz_unit/s_reg(9));

FTCPE_clk_1Hz_unit/s_reg16: FTCPE port map (clk_1Hz_unit/s_reg(16),clk_1Hz_unit/s_reg_T(16),clk50Mhz,'0','0',clk_enable);
clk_1Hz_unit/s_reg_T(16) <= (clk_1Hz_unit/s_reg(0) AND clk_1Hz_unit/s_reg(10) AND 
	clk_1Hz_unit/s_reg(11) AND clk_1Hz_unit/s_reg(12) AND clk_1Hz_unit/s_reg(13) AND 
	clk_1Hz_unit/s_reg(14) AND clk_1Hz_unit/s_reg(15) AND clk_1Hz_unit/s_reg(1) AND 
	clk_1Hz_unit/s_reg(2) AND clk_1Hz_unit/s_reg(3) AND clk_1Hz_unit/s_reg(4) AND 
	clk_1Hz_unit/s_reg(5) AND clk_1Hz_unit/s_reg(6) AND clk_1Hz_unit/s_reg(7) AND 
	clk_1Hz_unit/s_reg(8) AND clk_1Hz_unit/s_reg(9));

FTCPE_clk_1Hz_unit/s_reg17: FTCPE port map (clk_1Hz_unit/s_reg(17),clk_1Hz_unit/s_reg_T(17),clk50Mhz,'0','0',clk_enable);
clk_1Hz_unit/s_reg_T(17) <= (clk_1Hz_unit/s_reg(0) AND clk_1Hz_unit/s_reg(10) AND 
	clk_1Hz_unit/s_reg(11) AND clk_1Hz_unit/s_reg(12) AND clk_1Hz_unit/s_reg(13) AND 
	clk_1Hz_unit/s_reg(14) AND clk_1Hz_unit/s_reg(15) AND clk_1Hz_unit/s_reg(16) AND 
	clk_1Hz_unit/s_reg(1) AND clk_1Hz_unit/s_reg(2) AND clk_1Hz_unit/s_reg(3) AND 
	clk_1Hz_unit/s_reg(4) AND clk_1Hz_unit/s_reg(5) AND clk_1Hz_unit/s_reg(6) AND 
	clk_1Hz_unit/s_reg(7) AND clk_1Hz_unit/s_reg(8) AND clk_1Hz_unit/s_reg(9));

FTCPE_clk_1Hz_unit/s_reg18: FTCPE port map (clk_1Hz_unit/s_reg(18),clk_1Hz_unit/s_reg_T(18),clk50Mhz,'0','0',clk_enable);
clk_1Hz_unit/s_reg_T(18) <= ((clk_1Hz_unit/s_reg(0) AND clk_1Hz_unit/s_reg(10) AND 
	clk_1Hz_unit/s_reg(11) AND clk_1Hz_unit/s_reg(12) AND clk_1Hz_unit/s_reg(13) AND 
	clk_1Hz_unit/s_reg(14) AND clk_1Hz_unit/s_reg(15) AND clk_1Hz_unit/s_reg(16) AND 
	clk_1Hz_unit/s_reg(17) AND clk_1Hz_unit/s_reg(1) AND clk_1Hz_unit/s_reg(2) AND 
	clk_1Hz_unit/s_reg(3) AND clk_1Hz_unit/s_reg(4) AND clk_1Hz_unit/s_reg(5) AND 
	clk_1Hz_unit/s_reg(6) AND clk_1Hz_unit/s_reg(7) AND clk_1Hz_unit/s_reg(8) AND 
	clk_1Hz_unit/s_reg(9))
	OR (clk_enable AND NOT clk_1Hz_unit/s_reg(0) AND 
	NOT clk_1Hz_unit/s_reg(10) AND clk_1Hz_unit/s_reg(11) AND NOT clk_1Hz_unit/s_reg(12) AND 
	NOT clk_1Hz_unit/s_reg(13) AND clk_1Hz_unit/s_reg(14) AND NOT clk_1Hz_unit/s_reg(15) AND 
	NOT clk_1Hz_unit/s_reg(16) AND NOT clk_1Hz_unit/s_reg(17) AND clk_1Hz_unit/s_reg(18) AND 
	clk_1Hz_unit/s_reg(19) AND NOT clk_1Hz_unit/s_reg(1) AND NOT clk_1Hz_unit/s_reg(20) AND 
	NOT clk_1Hz_unit/s_reg(21) AND clk_1Hz_unit/s_reg(22) AND NOT clk_1Hz_unit/s_reg(23) AND 
	NOT clk_1Hz_unit/s_reg(24) AND NOT clk_1Hz_unit/s_reg(2) AND NOT clk_1Hz_unit/s_reg(3) AND 
	NOT clk_1Hz_unit/s_reg(4) AND NOT clk_1Hz_unit/s_reg(5) AND clk_1Hz_unit/s_reg(6) AND 
	NOT clk_1Hz_unit/s_reg(7) AND clk_1Hz_unit/s_reg(8) AND clk_1Hz_unit/s_reg(9) AND 
	NOT clk_1Hz_unit/s_reg(25)));

FTCPE_clk_1Hz_unit/s_reg19: FTCPE port map (clk_1Hz_unit/s_reg(19),clk_1Hz_unit/s_reg_T(19),clk50Mhz,'0','0',clk_enable);
clk_1Hz_unit/s_reg_T(19) <= ((clk_1Hz_unit/s_reg(0) AND clk_1Hz_unit/s_reg(10) AND 
	clk_1Hz_unit/s_reg(11) AND clk_1Hz_unit/s_reg(12) AND clk_1Hz_unit/s_reg(13) AND 
	clk_1Hz_unit/s_reg(14) AND clk_1Hz_unit/s_reg(15) AND clk_1Hz_unit/s_reg(16) AND 
	clk_1Hz_unit/s_reg(17) AND clk_1Hz_unit/s_reg(18) AND clk_1Hz_unit/s_reg(1) AND 
	clk_1Hz_unit/s_reg(2) AND clk_1Hz_unit/s_reg(3) AND clk_1Hz_unit/s_reg(4) AND 
	clk_1Hz_unit/s_reg(5) AND clk_1Hz_unit/s_reg(6) AND clk_1Hz_unit/s_reg(7) AND 
	clk_1Hz_unit/s_reg(8) AND clk_1Hz_unit/s_reg(9))
	OR (clk_enable AND NOT clk_1Hz_unit/s_reg(0) AND 
	NOT clk_1Hz_unit/s_reg(10) AND clk_1Hz_unit/s_reg(11) AND NOT clk_1Hz_unit/s_reg(12) AND 
	NOT clk_1Hz_unit/s_reg(13) AND clk_1Hz_unit/s_reg(14) AND NOT clk_1Hz_unit/s_reg(15) AND 
	NOT clk_1Hz_unit/s_reg(16) AND NOT clk_1Hz_unit/s_reg(17) AND clk_1Hz_unit/s_reg(18) AND 
	clk_1Hz_unit/s_reg(19) AND NOT clk_1Hz_unit/s_reg(1) AND NOT clk_1Hz_unit/s_reg(20) AND 
	NOT clk_1Hz_unit/s_reg(21) AND clk_1Hz_unit/s_reg(22) AND NOT clk_1Hz_unit/s_reg(23) AND 
	NOT clk_1Hz_unit/s_reg(24) AND NOT clk_1Hz_unit/s_reg(2) AND NOT clk_1Hz_unit/s_reg(3) AND 
	NOT clk_1Hz_unit/s_reg(4) AND NOT clk_1Hz_unit/s_reg(5) AND clk_1Hz_unit/s_reg(6) AND 
	NOT clk_1Hz_unit/s_reg(7) AND clk_1Hz_unit/s_reg(8) AND clk_1Hz_unit/s_reg(9) AND 
	NOT clk_1Hz_unit/s_reg(25)));

FTCPE_clk_1Hz_unit/s_reg20: FTCPE port map (clk_1Hz_unit/s_reg(20),clk_1Hz_unit/s_reg_T(20),clk50Mhz,'0','0',clk_enable);
clk_1Hz_unit/s_reg_T(20) <= (clk_1Hz_unit/s_reg(0) AND clk_1Hz_unit/s_reg(10) AND 
	clk_1Hz_unit/s_reg(11) AND clk_1Hz_unit/s_reg(12) AND clk_1Hz_unit/s_reg(13) AND 
	clk_1Hz_unit/s_reg(14) AND clk_1Hz_unit/s_reg(15) AND clk_1Hz_unit/s_reg(16) AND 
	clk_1Hz_unit/s_reg(17) AND clk_1Hz_unit/s_reg(18) AND clk_1Hz_unit/s_reg(19) AND 
	clk_1Hz_unit/s_reg(1) AND clk_1Hz_unit/s_reg(2) AND clk_1Hz_unit/s_reg(3) AND 
	clk_1Hz_unit/s_reg(4) AND clk_1Hz_unit/s_reg(5) AND clk_1Hz_unit/s_reg(6) AND 
	clk_1Hz_unit/s_reg(7) AND clk_1Hz_unit/s_reg(8) AND clk_1Hz_unit/s_reg(9));

FTCPE_clk_1Hz_unit/s_reg21: FTCPE port map (clk_1Hz_unit/s_reg(21),clk_1Hz_unit/s_reg_T(21),clk50Mhz,'0','0',clk_enable);
clk_1Hz_unit/s_reg_T(21) <= (clk_1Hz_unit/s_reg(0) AND clk_1Hz_unit/s_reg(10) AND 
	clk_1Hz_unit/s_reg(11) AND clk_1Hz_unit/s_reg(12) AND clk_1Hz_unit/s_reg(13) AND 
	clk_1Hz_unit/s_reg(14) AND clk_1Hz_unit/s_reg(15) AND clk_1Hz_unit/s_reg(16) AND 
	clk_1Hz_unit/s_reg(17) AND clk_1Hz_unit/s_reg(18) AND clk_1Hz_unit/s_reg(19) AND 
	clk_1Hz_unit/s_reg(1) AND clk_1Hz_unit/s_reg(20) AND clk_1Hz_unit/s_reg(2) AND 
	clk_1Hz_unit/s_reg(3) AND clk_1Hz_unit/s_reg(4) AND clk_1Hz_unit/s_reg(5) AND 
	clk_1Hz_unit/s_reg(6) AND clk_1Hz_unit/s_reg(7) AND clk_1Hz_unit/s_reg(8) AND 
	clk_1Hz_unit/s_reg(9));

FTCPE_clk_1Hz_unit/s_reg22: FTCPE port map (clk_1Hz_unit/s_reg(22),clk_1Hz_unit/s_reg_T(22),clk50Mhz,'0','0',clk_enable);
clk_1Hz_unit/s_reg_T(22) <= ((clk_1Hz_unit/s_reg(0) AND clk_1Hz_unit/s_reg(10) AND 
	clk_1Hz_unit/s_reg(11) AND clk_1Hz_unit/s_reg(12) AND clk_1Hz_unit/s_reg(13) AND 
	clk_1Hz_unit/s_reg(14) AND clk_1Hz_unit/s_reg(15) AND clk_1Hz_unit/s_reg(16) AND 
	clk_1Hz_unit/s_reg(17) AND clk_1Hz_unit/s_reg(18) AND clk_1Hz_unit/s_reg(19) AND 
	clk_1Hz_unit/s_reg(1) AND clk_1Hz_unit/s_reg(20) AND clk_1Hz_unit/s_reg(21) AND 
	clk_1Hz_unit/s_reg(2) AND clk_1Hz_unit/s_reg(3) AND clk_1Hz_unit/s_reg(4) AND 
	clk_1Hz_unit/s_reg(5) AND clk_1Hz_unit/s_reg(6) AND clk_1Hz_unit/s_reg(7) AND 
	clk_1Hz_unit/s_reg(8) AND clk_1Hz_unit/s_reg(9))
	OR (clk_enable AND NOT clk_1Hz_unit/s_reg(0) AND 
	NOT clk_1Hz_unit/s_reg(10) AND clk_1Hz_unit/s_reg(11) AND NOT clk_1Hz_unit/s_reg(12) AND 
	NOT clk_1Hz_unit/s_reg(13) AND clk_1Hz_unit/s_reg(14) AND NOT clk_1Hz_unit/s_reg(15) AND 
	NOT clk_1Hz_unit/s_reg(16) AND NOT clk_1Hz_unit/s_reg(17) AND clk_1Hz_unit/s_reg(18) AND 
	clk_1Hz_unit/s_reg(19) AND NOT clk_1Hz_unit/s_reg(1) AND NOT clk_1Hz_unit/s_reg(20) AND 
	NOT clk_1Hz_unit/s_reg(21) AND clk_1Hz_unit/s_reg(22) AND NOT clk_1Hz_unit/s_reg(23) AND 
	NOT clk_1Hz_unit/s_reg(24) AND NOT clk_1Hz_unit/s_reg(2) AND NOT clk_1Hz_unit/s_reg(3) AND 
	NOT clk_1Hz_unit/s_reg(4) AND NOT clk_1Hz_unit/s_reg(5) AND clk_1Hz_unit/s_reg(6) AND 
	NOT clk_1Hz_unit/s_reg(7) AND clk_1Hz_unit/s_reg(8) AND clk_1Hz_unit/s_reg(9) AND 
	NOT clk_1Hz_unit/s_reg(25)));

FTCPE_clk_1Hz_unit/s_reg23: FTCPE port map (clk_1Hz_unit/s_reg(23),clk_1Hz_unit/s_reg_T(23),clk50Mhz,'0','0',clk_enable);
clk_1Hz_unit/s_reg_T(23) <= (clk_1Hz_unit/s_reg(0) AND clk_1Hz_unit/s_reg(10) AND 
	clk_1Hz_unit/s_reg(11) AND clk_1Hz_unit/s_reg(12) AND clk_1Hz_unit/s_reg(13) AND 
	clk_1Hz_unit/s_reg(14) AND clk_1Hz_unit/s_reg(15) AND clk_1Hz_unit/s_reg(16) AND 
	clk_1Hz_unit/s_reg(17) AND clk_1Hz_unit/s_reg(18) AND clk_1Hz_unit/s_reg(19) AND 
	clk_1Hz_unit/s_reg(1) AND clk_1Hz_unit/s_reg(20) AND clk_1Hz_unit/s_reg(21) AND 
	clk_1Hz_unit/s_reg(22) AND clk_1Hz_unit/s_reg(2) AND clk_1Hz_unit/s_reg(3) AND 
	clk_1Hz_unit/s_reg(4) AND clk_1Hz_unit/s_reg(5) AND clk_1Hz_unit/s_reg(6) AND 
	clk_1Hz_unit/s_reg(7) AND clk_1Hz_unit/s_reg(8) AND clk_1Hz_unit/s_reg(9));

FTCPE_clk_1Hz_unit/s_reg24: FTCPE port map (clk_1Hz_unit/s_reg(24),clk_1Hz_unit/s_reg_T(24),clk50Mhz,'0','0',clk_enable);
clk_1Hz_unit/s_reg_T(24) <= (clk_1Hz_unit/s_reg(0) AND clk_1Hz_unit/s_reg(10) AND 
	clk_1Hz_unit/s_reg(11) AND clk_1Hz_unit/s_reg(12) AND clk_1Hz_unit/s_reg(13) AND 
	clk_1Hz_unit/s_reg(14) AND clk_1Hz_unit/s_reg(15) AND clk_1Hz_unit/s_reg(16) AND 
	clk_1Hz_unit/s_reg(17) AND clk_1Hz_unit/s_reg(18) AND clk_1Hz_unit/s_reg(19) AND 
	clk_1Hz_unit/s_reg(1) AND clk_1Hz_unit/s_reg(20) AND clk_1Hz_unit/s_reg(21) AND 
	clk_1Hz_unit/s_reg(22) AND clk_1Hz_unit/s_reg(23) AND clk_1Hz_unit/s_reg(2) AND 
	clk_1Hz_unit/s_reg(3) AND clk_1Hz_unit/s_reg(4) AND clk_1Hz_unit/s_reg(5) AND 
	clk_1Hz_unit/s_reg(6) AND clk_1Hz_unit/s_reg(7) AND clk_1Hz_unit/s_reg(8) AND 
	clk_1Hz_unit/s_reg(9));

FTCPE_clk_1Hz_unit/s_reg25: FTCPE port map (clk_1Hz_unit/s_reg(25),clk_1Hz_unit/s_reg_T(25),clk50Mhz,'0','0',clk_enable);
clk_1Hz_unit/s_reg_T(25) <= (clk_1Hz_unit/s_reg(0) AND clk_1Hz_unit/s_reg(10) AND 
	clk_1Hz_unit/s_reg(11) AND clk_1Hz_unit/s_reg(12) AND clk_1Hz_unit/s_reg(13) AND 
	clk_1Hz_unit/s_reg(14) AND clk_1Hz_unit/s_reg(15) AND clk_1Hz_unit/s_reg(16) AND 
	clk_1Hz_unit/s_reg(17) AND clk_1Hz_unit/s_reg(18) AND clk_1Hz_unit/s_reg(19) AND 
	clk_1Hz_unit/s_reg(1) AND clk_1Hz_unit/s_reg(20) AND clk_1Hz_unit/s_reg(21) AND 
	clk_1Hz_unit/s_reg(22) AND clk_1Hz_unit/s_reg(23) AND clk_1Hz_unit/s_reg(24) AND 
	clk_1Hz_unit/s_reg(2) AND clk_1Hz_unit/s_reg(3) AND clk_1Hz_unit/s_reg(4) AND 
	clk_1Hz_unit/s_reg(5) AND clk_1Hz_unit/s_reg(6) AND clk_1Hz_unit/s_reg(7) AND 
	clk_1Hz_unit/s_reg(8) AND clk_1Hz_unit/s_reg(9));

FDCPE_not_q0: FDCPE port map (not_q0,not_q0_D,not_q0_C,'0',q1/q1_RSTF);
not_q0_D <= (not_q2 AND not_q1);
not_q0_C <= (NOT clk_1Hz_unit/s_reg(0) AND NOT clk_1Hz_unit/s_reg(10) AND 
	clk_1Hz_unit/s_reg(11) AND NOT clk_1Hz_unit/s_reg(12) AND NOT clk_1Hz_unit/s_reg(13) AND 
	clk_1Hz_unit/s_reg(14) AND NOT clk_1Hz_unit/s_reg(15) AND NOT clk_1Hz_unit/s_reg(16) AND 
	NOT clk_1Hz_unit/s_reg(17) AND clk_1Hz_unit/s_reg(18) AND clk_1Hz_unit/s_reg(19) AND 
	NOT clk_1Hz_unit/s_reg(1) AND NOT clk_1Hz_unit/s_reg(20) AND NOT clk_1Hz_unit/s_reg(21) AND 
	clk_1Hz_unit/s_reg(22) AND NOT clk_1Hz_unit/s_reg(23) AND NOT clk_1Hz_unit/s_reg(24) AND 
	NOT clk_1Hz_unit/s_reg(2) AND NOT clk_1Hz_unit/s_reg(3) AND NOT clk_1Hz_unit/s_reg(4) AND 
	NOT clk_1Hz_unit/s_reg(5) AND clk_1Hz_unit/s_reg(6) AND NOT clk_1Hz_unit/s_reg(7) AND 
	clk_1Hz_unit/s_reg(8) AND clk_1Hz_unit/s_reg(9) AND NOT clk_1Hz_unit/s_reg(25));

FDCPE_not_q1: FDCPE port map (not_q1,NOT q0,not_q1_C,'0',q1/q1_RSTF);
not_q1_C <= (NOT clk_1Hz_unit/s_reg(0) AND NOT clk_1Hz_unit/s_reg(10) AND 
	clk_1Hz_unit/s_reg(11) AND NOT clk_1Hz_unit/s_reg(12) AND NOT clk_1Hz_unit/s_reg(13) AND 
	clk_1Hz_unit/s_reg(14) AND NOT clk_1Hz_unit/s_reg(15) AND NOT clk_1Hz_unit/s_reg(16) AND 
	NOT clk_1Hz_unit/s_reg(17) AND clk_1Hz_unit/s_reg(18) AND clk_1Hz_unit/s_reg(19) AND 
	NOT clk_1Hz_unit/s_reg(1) AND NOT clk_1Hz_unit/s_reg(20) AND NOT clk_1Hz_unit/s_reg(21) AND 
	clk_1Hz_unit/s_reg(22) AND NOT clk_1Hz_unit/s_reg(23) AND NOT clk_1Hz_unit/s_reg(24) AND 
	NOT clk_1Hz_unit/s_reg(2) AND NOT clk_1Hz_unit/s_reg(3) AND NOT clk_1Hz_unit/s_reg(4) AND 
	NOT clk_1Hz_unit/s_reg(5) AND clk_1Hz_unit/s_reg(6) AND NOT clk_1Hz_unit/s_reg(7) AND 
	clk_1Hz_unit/s_reg(8) AND clk_1Hz_unit/s_reg(9) AND NOT clk_1Hz_unit/s_reg(25));

FDCPE_not_q2: FDCPE port map (not_q2,NOT q1,not_q2_C,'0',q1/q1_RSTF);
not_q2_C <= (NOT clk_1Hz_unit/s_reg(0) AND NOT clk_1Hz_unit/s_reg(10) AND 
	clk_1Hz_unit/s_reg(11) AND NOT clk_1Hz_unit/s_reg(12) AND NOT clk_1Hz_unit/s_reg(13) AND 
	clk_1Hz_unit/s_reg(14) AND NOT clk_1Hz_unit/s_reg(15) AND NOT clk_1Hz_unit/s_reg(16) AND 
	NOT clk_1Hz_unit/s_reg(17) AND clk_1Hz_unit/s_reg(18) AND clk_1Hz_unit/s_reg(19) AND 
	NOT clk_1Hz_unit/s_reg(1) AND NOT clk_1Hz_unit/s_reg(20) AND NOT clk_1Hz_unit/s_reg(21) AND 
	clk_1Hz_unit/s_reg(22) AND NOT clk_1Hz_unit/s_reg(23) AND NOT clk_1Hz_unit/s_reg(24) AND 
	NOT clk_1Hz_unit/s_reg(2) AND NOT clk_1Hz_unit/s_reg(3) AND NOT clk_1Hz_unit/s_reg(4) AND 
	NOT clk_1Hz_unit/s_reg(5) AND clk_1Hz_unit/s_reg(6) AND NOT clk_1Hz_unit/s_reg(7) AND 
	clk_1Hz_unit/s_reg(8) AND clk_1Hz_unit/s_reg(9) AND NOT clk_1Hz_unit/s_reg(25));

FDCPE_q0: FDCPE port map (q0,q0_D,q0_C,q1/q1_RSTF,'0');
q0_D <= (not_q2 AND not_q1);
q0_C <= (NOT clk_1Hz_unit/s_reg(0) AND NOT clk_1Hz_unit/s_reg(10) AND 
	clk_1Hz_unit/s_reg(11) AND NOT clk_1Hz_unit/s_reg(12) AND NOT clk_1Hz_unit/s_reg(13) AND 
	clk_1Hz_unit/s_reg(14) AND NOT clk_1Hz_unit/s_reg(15) AND NOT clk_1Hz_unit/s_reg(16) AND 
	NOT clk_1Hz_unit/s_reg(17) AND clk_1Hz_unit/s_reg(18) AND clk_1Hz_unit/s_reg(19) AND 
	NOT clk_1Hz_unit/s_reg(1) AND NOT clk_1Hz_unit/s_reg(20) AND NOT clk_1Hz_unit/s_reg(21) AND 
	clk_1Hz_unit/s_reg(22) AND NOT clk_1Hz_unit/s_reg(23) AND NOT clk_1Hz_unit/s_reg(24) AND 
	NOT clk_1Hz_unit/s_reg(2) AND NOT clk_1Hz_unit/s_reg(3) AND NOT clk_1Hz_unit/s_reg(4) AND 
	NOT clk_1Hz_unit/s_reg(5) AND clk_1Hz_unit/s_reg(6) AND NOT clk_1Hz_unit/s_reg(7) AND 
	clk_1Hz_unit/s_reg(8) AND clk_1Hz_unit/s_reg(9) AND NOT clk_1Hz_unit/s_reg(25));

FDCPE_q1: FDCPE port map (q1,q0,q1_C,q1/q1_RSTF,'0');
q1_C <= (NOT clk_1Hz_unit/s_reg(0) AND NOT clk_1Hz_unit/s_reg(10) AND 
	clk_1Hz_unit/s_reg(11) AND NOT clk_1Hz_unit/s_reg(12) AND NOT clk_1Hz_unit/s_reg(13) AND 
	clk_1Hz_unit/s_reg(14) AND NOT clk_1Hz_unit/s_reg(15) AND NOT clk_1Hz_unit/s_reg(16) AND 
	NOT clk_1Hz_unit/s_reg(17) AND clk_1Hz_unit/s_reg(18) AND clk_1Hz_unit/s_reg(19) AND 
	NOT clk_1Hz_unit/s_reg(1) AND NOT clk_1Hz_unit/s_reg(20) AND NOT clk_1Hz_unit/s_reg(21) AND 
	clk_1Hz_unit/s_reg(22) AND NOT clk_1Hz_unit/s_reg(23) AND NOT clk_1Hz_unit/s_reg(24) AND 
	NOT clk_1Hz_unit/s_reg(2) AND NOT clk_1Hz_unit/s_reg(3) AND NOT clk_1Hz_unit/s_reg(4) AND 
	NOT clk_1Hz_unit/s_reg(5) AND clk_1Hz_unit/s_reg(6) AND NOT clk_1Hz_unit/s_reg(7) AND 
	clk_1Hz_unit/s_reg(8) AND clk_1Hz_unit/s_reg(9) AND NOT clk_1Hz_unit/s_reg(25));


q1/q1_RSTF <= ((q0 AND q2)
	OR (q1 AND not_q2 AND not_q0));

FDCPE_q2: FDCPE port map (q2,q1,q2_C,q1/q1_RSTF,'0');
q2_C <= (NOT clk_1Hz_unit/s_reg(0) AND NOT clk_1Hz_unit/s_reg(10) AND 
	clk_1Hz_unit/s_reg(11) AND NOT clk_1Hz_unit/s_reg(12) AND NOT clk_1Hz_unit/s_reg(13) AND 
	clk_1Hz_unit/s_reg(14) AND NOT clk_1Hz_unit/s_reg(15) AND NOT clk_1Hz_unit/s_reg(16) AND 
	NOT clk_1Hz_unit/s_reg(17) AND clk_1Hz_unit/s_reg(18) AND clk_1Hz_unit/s_reg(19) AND 
	NOT clk_1Hz_unit/s_reg(1) AND NOT clk_1Hz_unit/s_reg(20) AND NOT clk_1Hz_unit/s_reg(21) AND 
	clk_1Hz_unit/s_reg(22) AND NOT clk_1Hz_unit/s_reg(23) AND NOT clk_1Hz_unit/s_reg(24) AND 
	NOT clk_1Hz_unit/s_reg(2) AND NOT clk_1Hz_unit/s_reg(3) AND NOT clk_1Hz_unit/s_reg(4) AND 
	NOT clk_1Hz_unit/s_reg(5) AND clk_1Hz_unit/s_reg(6) AND NOT clk_1Hz_unit/s_reg(7) AND 
	clk_1Hz_unit/s_reg(8) AND clk_1Hz_unit/s_reg(9) AND NOT clk_1Hz_unit/s_reg(25));


sseg(0) <= NOT (((q0 AND NOT x)
	OR (q1 AND x)
	OR (not_q2 AND not_q0 AND NOT x)
	OR (not_q1 AND q2 AND x)));


sseg(1) <= NOT (((NOT q0 AND NOT q1)
	OR (not_q2 AND not_q0 AND NOT x)
	OR (not_q1 AND q2 AND x)));


sseg(2) <= ((q0 AND NOT q1)
	OR (NOT q0 AND q1)
	OR (not_q2 AND not_q0 AND NOT x)
	OR (not_q1 AND q2 AND x));


sseg(3) <= ((q0 AND NOT q1 AND x)
	OR (NOT q0 AND q1 AND NOT x)
	OR (not_q2 AND not_q0 AND NOT x)
	OR (not_q1 AND q2 AND x));


sseg(4) <= NOT (((NOT q0)
	OR (NOT q1)
	OR (not_q2 AND not_q0 AND NOT x)
	OR (not_q1 AND q2 AND x)));


sseg(5) <= '0';


sseg(6) <= ((q0 AND NOT q1 AND x)
	OR (NOT q0 AND q1 AND NOT x)
	OR (not_q2 AND not_q0 AND NOT x)
	OR (not_q1 AND q2 AND x));

Register Legend:
 FDCPE (Q,D,C,CLR,PRE,CE); 
 FTCPE (Q,D,C,CLR,PRE,CE); 
 LDCP  (Q,D,G,CLR,PRE); 

******************************  Device Pin Out *****************************

Device : XC9572XL-5-PC44


   --------------------------------  
  /6  5  4  3  2  1  44 43 42 41 40 \
 | 7                             39 | 
 | 8                             38 | 
 | 9                             37 | 
 | 10                            36 | 
 | 11        XC9572XL-5-PC44     35 | 
 | 12                            34 | 
 | 13                            33 | 
 | 14                            32 | 
 | 15                            31 | 
 | 16                            30 | 
 | 17                            29 | 
 \ 18 19 20 21 22 23 24 25 26 27 28 /
   --------------------------------  


Pin Signal                         Pin Signal                        
No. Name                           No. Name                          
  1 KPR                              23 GND                           
  2 KPR                              24 KPR                           
  3 KPR                              25 sseg<2>                       
  4 KPR                              26 KPR                           
  5 clk50Mhz                         27 sseg<6>                       
  6 KPR                              28 x                             
  7 KPR                              29 sseg<3>                       
  8 KPR                              30 TDO                           
  9 KPR                              31 GND                           
 10 GND                              32 VCC                           
 11 sseg<0>                          33 KPR                           
 12 an<1>                            34 KPR                           
 13 sseg<5>                          35 sseg<1>                       
 14 KPR                              36 bcd<0>                        
 15 TDI                              37 KPR                           
 16 TMS                              38 bcd<1>                        
 17 TCK                              39 clk_enable                    
 18 an<0>                            40 KPR                           
 19 KPR                              41 VCC                           
 20 an<3>                            42 KPR                           
 21 VCC                              43 bcd<2>                        
 22 an<2>                            44 sseg<4>                       


Legend :  NC  = Not Connected, unbonded pin
         PGND = Unused I/O configured as additional Ground pin
         TIE  = Unused I/O floating -- must tie to VCC, GND or other signal
         KPR  = Unused I/O with weak keeper (leave unconnected)
         VCC  = Dedicated Power Pin
         GND  = Dedicated Ground Pin
         TDI  = Test Data In, JTAG pin
         TDO  = Test Data Out, JTAG pin
         TCK  = Test Clock, JTAG pin
         TMS  = Test Mode Select, JTAG pin
  PROHIBITED  = User reserved pin
****************************  Compiler Options  ****************************

Following is a list of all global compiler options used by the fitter run.

Device(s) Specified                         : xc9572xl-5-PC44
Optimization Method                         : SPEED
Multi-Level Logic Optimization              : ON
Ignore Timing Specifications                : OFF
Default Register Power Up Value             : LOW
Keep User Location Constraints              : ON
What-You-See-Is-What-You-Get                : OFF
Exhaustive Fitting                          : OFF
Keep Unused Inputs                          : OFF
Slew Rate                                   : FAST
Power Mode                                  : STD
Ground on Unused IOs                        : OFF
Set I/O Pin Termination                     : KEEPER
Global Clock Optimization                   : ON
Global Set/Reset Optimization               : ON
Global Ouput Enable Optimization            : ON
Input Limit                                 : 54
Pterm Limit                                 : 25
