#-----------------------------------------------------------
# PlanAhead v14.7 (64-bit)
# Build 321239 by xbuild on Fri Sep 27 19:29:51 MDT 2013
# Start of session at: Wed Nov 23 01:16:48 2016
# Process ID: 12000
# Log file: C:/Users/facun/Desktop/Lab 5/Counter_mod5_Sec/planAhead_run_1/planAhead.log
# Journal file: C:/Users/facun/Desktop/Lab 5/Counter_mod5_Sec/planAhead_run_1/planAhead.jou
#-----------------------------------------------------------
INFO: [Common 17-78] Attempting to get a license: PlanAhead
INFO: [Common 17-290] Got license for PlanAhead
INFO: [Device 21-36] Loading parts and site information from C:/Xilinx/14.7/ISE_DS/PlanAhead/data/parts/arch.xml
Parsing RTL primitives file [C:/Xilinx/14.7/ISE_DS/PlanAhead/data/parts/xilinx/rtl/prims/rtl_prims.xml]
Finished parsing RTL primitives file [C:/Xilinx/14.7/ISE_DS/PlanAhead/data/parts/xilinx/rtl/prims/rtl_prims.xml]
start_gui
source {C:/Users/facun/Desktop/Lab 5/Counter_mod5_Sec/pa.fromNetlist.tcl}
# create_project -name Counter_mod5_Sec -dir "C:/Users/facun/Desktop/Lab 5/Counter_mod5_Sec/planAhead_run_1" -part xc3s100etq144-4
# set_property design_mode GateLvl [get_property srcset [current_run -impl]]
# set_property edif_top_file "C:/Users/facun/Desktop/Lab 5/Counter_mod5_Sec/mod5_Up_Down_Sec.ngc" [ get_property srcset [ current_run ] ]
# add_files -norecurse { {C:/Users/facun/Desktop/Lab 5/Counter_mod5_Sec} }
# set_property target_constrs_file "mod5_Up_Down_Sec.ucf" [current_fileset -constrset]
Adding file 'C:/Users/facun/Desktop/Lab 5/Counter_mod5_Sec/mod5_Up_Down_Sec.ucf' to fileset 'constrs_1'
# add_files [list {mod5_Up_Down_Sec.ucf}] -fileset [get_property constrset [current_run]]
# link_design
Design is defaulting to srcset: sources_1
Design is defaulting to constrset: constrs_1
Design is defaulting to project part: xc3s100etq144-4
Release 14.7 - ngc2edif P.20131013 (nt64)
Copyright (c) 1995-2013 Xilinx, Inc.  All rights reserved.
Reading design mod5_Up_Down_Sec.ngc ...
WARNING:NetListWriters:298 - No output is written to mod5_Up_Down_Sec.xncf,
   ignored.
Processing design ...
   Preping design's networks ...
   Preping design's macros ...
  finished :Prep
Writing EDIF netlist file mod5_Up_Down_Sec.edif ...
ngc2edif: Total memory usage is 82024 kilobytes

Parsing EDIF File [./planAhead_run_1/Counter_mod5_Sec.data/cache/mod5_Up_Down_Sec_ngc_zx.edif]
Finished Parsing EDIF File [./planAhead_run_1/Counter_mod5_Sec.data/cache/mod5_Up_Down_Sec_ngc_zx.edif]
INFO: [Designutils 20-910] Reading macro library C:/Xilinx/14.7/ISE_DS/PlanAhead/data\./parts/xilinx/spartan3e/spartan3e/hd_int_macros.edn
Parsing EDIF File [C:/Xilinx/14.7/ISE_DS/PlanAhead/data\./parts/xilinx/spartan3e/spartan3e/hd_int_macros.edn]
Finished Parsing EDIF File [C:/Xilinx/14.7/ISE_DS/PlanAhead/data\./parts/xilinx/spartan3e/spartan3e/hd_int_macros.edn]
Loading clock regions from C:/Xilinx/14.7/ISE_DS/PlanAhead/data\parts/xilinx/spartan3e/spartan3e/xc3s100e/ClockRegion.xml
Loading clock buffers from C:/Xilinx/14.7/ISE_DS/PlanAhead/data\parts/xilinx/spartan3e/spartan3e/xc3s100e/ClockBuffers.xml
Loading package from C:/Xilinx/14.7/ISE_DS/PlanAhead/data\parts/xilinx/spartan3e/spartan3e/xc3s100e/tq144/Package.xml
Loading io standards from C:/Xilinx/14.7/ISE_DS/PlanAhead/data\./parts/xilinx/spartan3e/IOStandards.xml
INFO: [Device 21-19] Loading pkg sso from C:/Xilinx/14.7/ISE_DS/PlanAhead/data\parts/xilinx/spartan3e/spartan3e/xc3s100e/tq144/SSORules.xml
Loading list of drcs for the architecture : C:/Xilinx/14.7/ISE_DS/PlanAhead/data\./parts/xilinx/spartan3e/spartan3e/drc.xml
INFO: [Timing 38-77] Reading timing library C:/Xilinx/14.7/ISE_DS/PlanAhead/data\parts/xilinx/spartan3e/spartan3e/spartan3e-4.lib.
INFO: [Timing 38-34] Done reading timing library C:/Xilinx/14.7/ISE_DS/PlanAhead/data\parts/xilinx/spartan3e/spartan3e/spartan3e-4.lib.
Parsing UCF File [C:/Users/facun/Desktop/Lab 5/Counter_mod5_Sec/mod5_Up_Down_Sec.ucf]
Finished Parsing UCF File [C:/Users/facun/Desktop/Lab 5/Counter_mod5_Sec/mod5_Up_Down_Sec.ucf]
INFO: [Project 1-111] Unisim Transformation Summary:
No Unisim elements were transformed.

Phase 0 | Netlist Checksum: a85ee60d
link_design: Time (s): elapsed = 00:00:05 . Memory (MB): peak = 593.512 ; gain = 106.348
startgroup
set_property package_pin P34 [get_ports {an[3]}]
endgroup
startgroup
set_property package_pin P26 [get_ports {an[2]}]
endgroup
startgroup
set_property package_pin P32 [get_ports {an[1]}]
endgroup
startgroup
set_property package_pin P33 [get_ports {an[0]}]
endgroup
startgroup
set_property package_pin P8 [get_ports {bcd[2]}]
endgroup
startgroup
set_property package_pin P14 [get_ports {bcd[1]}]
endgroup
startgroup
set_property package_pin P15 [get_ports {bcd[0]}]
endgroup
startgroup
set_property package_pin P25 [get_ports {sseg[6]}]
endgroup
startgroup
set_property package_pin P16 [get_ports {sseg[5]}]
endgroup
startgroup
set_property package_pin P23 [get_ports {sseg[4]}]
endgroup
startgroup
set_property package_pin P21 [get_ports {sseg[3]}]
endgroup
startgroup
set_property package_pin P20 [get_ports {sseg[2]}]
endgroup
startgroup
set_property package_pin P17 [get_ports {sseg[1]}]
endgroup
startgroup
set_property package_pin P83 [get_ports {sseg[0]}]
endgroup
startgroup
set_property package_pin P54 [get_ports clk50Mhz]
endgroup
startgroup
set_property package_pin P6 [get_ports clk_enable]
endgroup
startgroup
set_property package_pin P38 [get_ports x]
endgroup
save_constraints
exit
ERROR: [PlanAhead 12-106] *** Exception: ui.h.b: Found deleted key in HTclEventBroker. Verify if the classes listed here call cleanup()
HTclEvent: DEBUG_CORE_CONFIG_CHANGE   Classes: ui.views.aR 
HTclEvent: SIGNAL_MODIFY   Classes: ui.views.aR 
HTclEvent: SIGNAL_BUS_MODIFY   Classes: ui.views.aR 
HTclEvent: DEBUG_PORT_CONFIG_CHANGE   Classes: ui.views.aR 
 (See C:/Users/facun/Desktop/Lab 5/Counter_mod5_Sec\planAhead_pid12000.debug)
ERROR: [Common 17-39] 'stop_gui' failed due to earlier errors.
INFO: [Common 17-206] Exiting PlanAhead at Wed Nov 23 01:19:13 2016...
INFO: [Common 17-83] Releasing license: PlanAhead
