iMPACT Version: 10.1.03

iMPACT log file Started on Thu Jun 08 16:50:23 2017

// *** BATCH CMD : loadProjectFile -file "D:\andres\Tp_2\Tp_2/Tp_2.ipf"
Connecting to cable (Parallel Port - LPT1).
Checking cable driver.
 Driver windrvr6.sys version = 8.1.1.0. WinDriver v8.11 Jungo (c) 1997 - 2006 Build Date: Oct 16 2006 X86 32bit SYS12:35:07, version = 811.
 LPT base address = 0378h.
 ECP base address = 0778h.
Cable connection established.
'1': Loading file 'D:/andres/Tp_2/Tp_2/Tp_2.jed' ...
done.
INFO:iMPACT:1777 - 
   Reading C:/Xilinx/10.1/ISE/xc9500xl/data/xc9572xl.bsd...
INFO:iMPACT:501 - '1': Added Device xc9572xl successfully.
----------------------------------------------------------------------
----------------------------------------------------------------------
Active mode is BS
// *** BATCH CMD : setMode -ss
// *** BATCH CMD : setMode -sm
// *** BATCH CMD : setMode -hw140
// *** BATCH CMD : setMode -spi
// *** BATCH CMD : setMode -acecf
// *** BATCH CMD : setMode -acempm
// *** BATCH CMD : setMode -pff
// *** BATCH CMD : setMode -bs
// *** BATCH CMD : setMode -bs
// *** BATCH CMD : setMode -bs
// *** BATCH CMD : setMode -bs
// *** BATCH CMD : Verify -p 1 
Maximum TCK operating frequency for this device chain: 0.
Validating chain...
Boundary-scan chain validated successfully.
'1': Putting device in ISP mode...done.
'1': Putting device in ISP mode...done.
'1': Verifying device...'1': Verification failed'1': Verification terminated
PROGRESS_END - End Operation.
Elapsed time =      0 sec.
PROGRESS_START - Starting Operation.
// *** BATCH CMD : Verify -p 1 
Maximum TCK operating frequency for this device chain: 0.
Validating chain...
Boundary-scan chain validated successfully.
'1': Putting device in ISP mode...done.
'1': Putting device in ISP mode...done.
'1': Verifying device...'1': Verification failed'1': Verification terminated
PROGRESS_END - End Operation.
Elapsed time =      0 sec.
PROGRESS_START - Starting Operation.
// *** BATCH CMD : Program -p 1 -e -v 
Maximum TCK operating frequency for this device chain: 0.
Validating chain...
Boundary-scan chain validated successfully.
'1': Erasing device...
PROGRESS_START - Starting Operation.
'1': Erasure completed successfully.
'1': Programming device...
done.
'1': Putting device in ISP mode...done.
'1': Putting device in ISP mode...done.
'1': Verifying device...done.
'1': Verification completed successfully.
'1': Putting device in ISP mode...done.
'1': Programming completed successfully.
PROGRESS_END - End Operation.
Elapsed time =      6 sec.
// *** BATCH CMD : Erase -p 1 
Maximum TCK operating frequency for this device chain: 0.
Validating chain...
Boundary-scan chain validated successfully.
'1': Erasing device...
PROGRESS_START - Starting Operation.
'1': Erasure completed successfully.
PROGRESS_END - End Operation.
Elapsed time =      0 sec.
// *** BATCH CMD : Program -p 1 -e -v 
Maximum TCK operating frequency for this device chain: 0.
Validating chain...
Boundary-scan chain validated successfully.
'1': Erasing device...
PROGRESS_START - Starting Operation.
'1': Erasure completed successfully.
'1': Programming device...
done.
'1': Putting device in ISP mode...done.
'1': Putting device in ISP mode...done.
'1': Verifying device...done.
'1': Verification completed successfully.
'1': Putting device in ISP mode...done.
'1': Programming completed successfully.
PROGRESS_END - End Operation.
Elapsed time =      6 sec.
Compiling vhdl file "D:/andres/Tp_2/Tp_2/Tp_2.vhd" in Library work.
Entity <Tp_2> compiled.
Entity <Tp_2> (Architecture <Behavioral>) compiled.
Compiling vhdl file "D:/andres/Tp_2/Tp_2/Tp_2.vhd" in Library work.
Entity <Tp_2> compiled.
Entity <Tp_2> (Architecture <Behavioral>) compiled.
Compiling vhdl file "D:/andres/Tp_2/Tp_2/Tp_2.vhd" in Library work.
Entity <Tp_2> compiled.
Entity <Tp_2> (Architecture <Behavioral>) compiled.
// *** BATCH CMD : setMode -bs
// *** BATCH CMD : deleteDevice -position 1
// *** BATCH CMD : setMode -ss
// *** BATCH CMD : setMode -sm
// *** BATCH CMD : setMode -hw140
// *** BATCH CMD : setMode -spi
// *** BATCH CMD : setMode -acecf
// *** BATCH CMD : setMode -acempm
// *** BATCH CMD : setMode -pff
// *** BATCH CMD : setMode -bs
