Release 10.1 - xst K.31 (nt)
Copyright (c) 1995-2008 Xilinx, Inc.  All rights reserved.
--> Parameter TMPDIR set to C:/Xilinx/Tp/Contador_As_Ds/Contador/xst/projnav.tmp


Total REAL time to Xst completion: 0.00 secs
Total CPU time to Xst completion: 0.10 secs
 
--> Parameter xsthdpdir set to C:/Xilinx/Tp/Contador_As_Ds/Contador/xst


Total REAL time to Xst completion: 0.00 secs
Total CPU time to Xst completion: 0.11 secs
 
--> Reading design: Contador.prj

TABLE OF CONTENTS
  1) Synthesis Options Summary
  2) HDL Compilation
  3) Design Hierarchy Analysis
  4) HDL Analysis
  5) HDL Synthesis
     5.1) HDL Synthesis Report
  6) Advanced HDL Synthesis
     6.1) Advanced HDL Synthesis Report
  7) Low Level Synthesis
  8) Partition Report
  9) Final Report

=========================================================================
*                      Synthesis Options Summary                        *
=========================================================================
---- Source Parameters
Input File Name                    : "Contador.prj"
Input Format                       : mixed
Ignore Synthesis Constraint File   : NO

---- Target Parameters
Output File Name                   : "Contador"
Output Format                      : NGC
Target Device                      : XC9500XL CPLDs

---- Source Options
Top Module Name                    : Contador
Automatic FSM Extraction           : YES
FSM Encoding Algorithm             : Auto
Safe Implementation                : No
Mux Extraction                     : YES
Resource Sharing                   : YES

---- Target Options
Add IO Buffers                     : YES
MACRO Preserve                     : YES
XOR Preserve                       : YES
Equivalent register Removal        : YES

---- General Options
Optimization Goal                  : Speed
Optimization Effort                : 1
Library Search Order               : Contador.lso
Keep Hierarchy                     : YES
Netlist Hierarchy                  : as_optimized
RTL Output                         : Yes
Hierarchy Separator                : /
Bus Delimiter                      : <>
Case Specifier                     : maintain
Verilog 2001                       : YES

---- Other Options
Clock Enable                       : YES
wysiwyg                            : NO

=========================================================================


=========================================================================
*                          HDL Compilation                              *
=========================================================================
Compiling vhdl file "C:/Xilinx/Tp/Contador_As_Ds/Contador/Flip_Flop_JK.vhd" in Library work.
Architecture behavioral of Entity flip_flop_jk is up to date.
Compiling vhdl file "C:/Xilinx/Tp/Contador_As_Ds/Contador/Contador.vhd" in Library work.
Entity <contador> compiled.
Entity <contador> (Architecture <behavioral>) compiled.

=========================================================================
*                     Design Hierarchy Analysis                         *
=========================================================================
Analyzing hierarchy for entity <Contador> in library <work> (architecture <behavioral>).

Analyzing hierarchy for entity <Flip_Flop_JK> in library <work> (architecture <behavioral>).


=========================================================================
*                            HDL Analysis                               *
=========================================================================
Analyzing Entity <Contador> in library <work> (Architecture <behavioral>).
Entity <Contador> analyzed. Unit <Contador> generated.

Analyzing Entity <Flip_Flop_JK> in library <work> (Architecture <behavioral>).
Entity <Flip_Flop_JK> analyzed. Unit <Flip_Flop_JK> generated.


=========================================================================
*                           HDL Synthesis                               *
=========================================================================

Performing bidirectional port resolution...

Synthesizing Unit <Flip_Flop_JK>.
    Related source file is "C:/Xilinx/Tp/Contador_As_Ds/Contador/Flip_Flop_JK.vhd".
WARNING:Xst:737 - Found 1-bit latch for signal <Q_aux>. Latches may be generated from incomplete case or if statements. We do not recommend the use of latches in FPGA/CPLD designs, as they may lead to timing problems.
INFO:Xst:2371 - HDL ADVISOR - Logic functions respectively driving the data and gate enable inputs of this latch share common terms. This situation will potentially lead to setup/hold violations and, as a result, to simulation problems. This situation may come from an incomplete case statement (all selector values are not covered). You should carefully review if it was in your intentions to describe such a latch.
    Found 1-bit register for signal <Q_N>.
    Found 1-bit register for signal <Q>.
    Summary:
	inferred   2 D-type flip-flop(s).
Unit <Flip_Flop_JK> synthesized.


Synthesizing Unit <Contador>.
    Related source file is "C:/Xilinx/Tp/Contador_As_Ds/Contador/Contador.vhd".
WARNING:Xst:646 - Signal <Q_N_aux> is assigned but never used. This unconnected signal will be trimmed during the optimization process.
Unit <Contador> synthesized.


=========================================================================
HDL Synthesis Report

Macro Statistics
# Registers                                            : 6
 1-bit register                                        : 6
# Latches                                              : 3
 1-bit latch                                           : 3

=========================================================================

=========================================================================
*                       Advanced HDL Synthesis                          *
=========================================================================

WARNING:Xst:2677 - Node <Q_N> of sequential type is unconnected in block <JK_0>.
WARNING:Xst:2677 - Node <Q_N> of sequential type is unconnected in block <JK_1>.
WARNING:Xst:2677 - Node <Q_N> of sequential type is unconnected in block <JK_2>.
WARNING:Xst:1294 - Latch <0> is equivalent to a wire in block <Q_aux>.
WARNING:Xst:1294 - Latch <0> is equivalent to a wire in block <Q_aux>.

=========================================================================
Advanced HDL Synthesis Report

Macro Statistics
# Registers                                            : 6
 Flip-Flops                                            : 6
# Latches                                              : 3
 1-bit latch                                           : 3

=========================================================================

=========================================================================
*                         Low Level Synthesis                           *
=========================================================================

Optimizing unit <Contador> ...

Optimizing unit <Flip_Flop_JK> ...
WARNING:Xst:2677 - Node <Q_N> of sequential type is unconnected in block <JK_2>.
WARNING:Xst:2677 - Node <Q_N> of sequential type is unconnected in block <JK_1>.
WARNING:Xst:2677 - Node <Q_N> of sequential type is unconnected in block <JK_0>.
WARNING:Xst:1294 - Latch <Q_aux> is equivalent to a wire in block <JK_2>.
WARNING:Xst:1294 - Latch <Q_aux> is equivalent to a wire in block <JK_0>.
WARNING:Xst:2170 - Unit JK_2 : the following signal(s) form a combinatorial loop: Q_aux, Q_aux_mux00001.
WARNING:Xst:2170 - Unit JK_0 : the following signal(s) form a combinatorial loop: Q_aux_mux00001, Q_aux.

=========================================================================
*                           Partition Report                             *
=========================================================================

Partition Implementation Status
-------------------------------

  No Partitions were found in this design.

-------------------------------

=========================================================================
*                            Final Report                               *
=========================================================================
Final Results
RTL Top Level Output File Name     : Contador.ngr
Top Level Output File Name         : Contador
Output Format                      : NGC
Optimization Goal                  : Speed
Keep Hierarchy                     : YES
Target Technology                  : XC9500XL CPLDs
Macro Preserve                     : YES
XOR Preserve                       : YES
Clock Enable                       : YES
wysiwyg                            : NO

Design Statistics
# IOs                              : 5

Cell Usage :
# BELS                             : 30
#      AND2                        : 11
#      INV                         : 11
#      OR2                         : 8
# FlipFlops/Latches                : 3
#      FD                          : 3
# IO Buffers                       : 5
#      IBUF                        : 2
#      OBUF                        : 3
=========================================================================


Total REAL time to Xst completion: 2.00 secs
Total CPU time to Xst completion: 1.98 secs
 
--> 

Total memory usage is 209476 kilobytes

Number of errors   :    0 (   0 filtered)
Number of warnings :   14 (   0 filtered)
Number of infos    :    1 (   0 filtered)

