Release 10.1 - xst K.31 (nt)
Copyright (c) 1995-2008 Xilinx, Inc.  All rights reserved.
--> Parameter TMPDIR set to C:/Xilinx/Tp/Ej_4_PracticoLab_5/xst/projnav.tmp


Total REAL time to Xst completion: 0.00 secs
Total CPU time to Xst completion: 0.11 secs
 
--> Parameter xsthdpdir set to C:/Xilinx/Tp/Ej_4_PracticoLab_5/xst


Total REAL time to Xst completion: 0.00 secs
Total CPU time to Xst completion: 0.11 secs
 
--> Reading design: Ejercicio.prj

TABLE OF CONTENTS
  1) Synthesis Options Summary
  2) HDL Compilation
  3) Design Hierarchy Analysis
  4) HDL Analysis
  5) HDL Synthesis
     5.1) HDL Synthesis Report
  6) Advanced HDL Synthesis
     6.1) Advanced HDL Synthesis Report
  7) Low Level Synthesis
  8) Partition Report
  9) Final Report
     9.1) Device utilization summary
     9.2) Partition Resource Summary
     9.3) TIMING REPORT


=========================================================================
*                      Synthesis Options Summary                        *
=========================================================================
---- Source Parameters
Input File Name                    : "Ejercicio.prj"
Input Format                       : mixed
Ignore Synthesis Constraint File   : NO

---- Target Parameters
Output File Name                   : "Ejercicio"
Output Format                      : NGC
Target Device                      : xc3s100e-5-vq100

---- Source Options
Top Module Name                    : Ejercicio
Automatic FSM Extraction           : YES
FSM Encoding Algorithm             : Auto
Safe Implementation                : No
FSM Style                          : lut
RAM Extraction                     : Yes
RAM Style                          : Auto
ROM Extraction                     : Yes
Mux Style                          : Auto
Decoder Extraction                 : YES
Priority Encoder Extraction        : YES
Shift Register Extraction          : YES
Logical Shifter Extraction         : YES
XOR Collapsing                     : YES
ROM Style                          : Auto
Mux Extraction                     : YES
Resource Sharing                   : YES
Asynchronous To Synchronous        : NO
Multiplier Style                   : auto
Automatic Register Balancing       : No

---- Target Options
Add IO Buffers                     : YES
Global Maximum Fanout              : 500
Add Generic Clock Buffer(BUFG)     : 24
Register Duplication               : YES
Slice Packing                      : YES
Optimize Instantiated Primitives   : NO
Use Clock Enable                   : Yes
Use Synchronous Set                : Yes
Use Synchronous Reset              : Yes
Pack IO Registers into IOBs        : auto
Equivalent register Removal        : YES

---- General Options
Optimization Goal                  : Speed
Optimization Effort                : 1
Library Search Order               : Ejercicio.lso
Keep Hierarchy                     : NO
Netlist Hierarchy                  : as_optimized
RTL Output                         : Yes
Global Optimization                : AllClockNets
Read Cores                         : YES
Write Timing Constraints           : NO
Cross Clock Analysis               : NO
Hierarchy Separator                : /
Bus Delimiter                      : <>
Case Specifier                     : maintain
Slice Utilization Ratio            : 100
BRAM Utilization Ratio             : 100
Verilog 2001                       : YES
Auto BRAM Packing                  : NO
Slice Utilization Ratio Delta      : 5

=========================================================================


=========================================================================
*                          HDL Compilation                              *
=========================================================================
Compiling vhdl file "C:/Xilinx/Tp/Ej_4_PracticoLab_5/ff.vhd" in Library work.
Architecture behavioral of Entity ff is up to date.
Compiling vhdl file "C:/Xilinx/Tp/Ej_4_PracticoLab_5/Ejercicio.vhd" in Library work.
Entity <ejercicio> compiled.
ERROR:HDLParsers:3312 - "C:/Xilinx/Tp/Ej_4_PracticoLab_5/Ejercicio.vhd" Line 55. Undefined symbol 'E'.
ERROR:HDLParsers:1209 - "C:/Xilinx/Tp/Ej_4_PracticoLab_5/Ejercicio.vhd" Line 55. E: Undefined symbol (last report in this block)
ERROR:HDLParsers:3312 - "C:/Xilinx/Tp/Ej_4_PracticoLab_5/Ejercicio.vhd" Line 56. Undefined symbol 'reloj'.
ERROR:HDLParsers:1209 - "C:/Xilinx/Tp/Ej_4_PracticoLab_5/Ejercicio.vhd" Line 56. reloj: Undefined symbol (last report in this block)
ERROR:HDLParsers:3312 - "C:/Xilinx/Tp/Ej_4_PracticoLab_5/Ejercicio.vhd" Line 57. Undefined symbol 'reset'.
ERROR:HDLParsers:1209 - "C:/Xilinx/Tp/Ej_4_PracticoLab_5/Ejercicio.vhd" Line 57. reset: Undefined symbol (last report in this block)
ERROR:HDLParsers:3312 - "C:/Xilinx/Tp/Ej_4_PracticoLab_5/Ejercicio.vhd" Line 58. Undefined symbol 'Q'.
ERROR:HDLParsers:1209 - "C:/Xilinx/Tp/Ej_4_PracticoLab_5/Ejercicio.vhd" Line 58. Q: Undefined symbol (last report in this block)
ERROR:HDLParsers:3324 - "C:/Xilinx/Tp/Ej_4_PracticoLab_5/Ejercicio.vhd" Line 53. IN mode Formal E of ff with no default value must be associated with an actual value.
ERROR:HDLParsers:3324 - "C:/Xilinx/Tp/Ej_4_PracticoLab_5/Ejercicio.vhd" Line 61. IN mode Formal E of ff with no default value must be associated with an actual value.
ERROR:HDLParsers:3324 - "C:/Xilinx/Tp/Ej_4_PracticoLab_5/Ejercicio.vhd" Line 69. IN mode Formal E of ff with no default value must be associated with an actual value.
ERROR:HDLParsers:3324 - "C:/Xilinx/Tp/Ej_4_PracticoLab_5/Ejercicio.vhd" Line 77. IN mode Formal E of ff with no default value must be associated with an actual value.
ERROR:HDLParsers:3324 - "C:/Xilinx/Tp/Ej_4_PracticoLab_5/Ejercicio.vhd" Line 85. IN mode Formal E of ff with no default value must be associated with an actual value.
ERROR:HDLParsers:3324 - "C:/Xilinx/Tp/Ej_4_PracticoLab_5/Ejercicio.vhd" Line 93. IN mode Formal E of ff with no default value must be associated with an actual value.
--> 

Total memory usage is 206076 kilobytes

Number of errors   :   14 (   0 filtered)
Number of warnings :    0 (   0 filtered)
Number of infos    :    0 (   0 filtered)

