 
cpldfit:  version K.31                              Xilinx Inc.
                                  Fitter Report
Design Name: Main                                Date: 10-23-2017,  1:49PM
Device Used: XC9572XL-5-PC44
Fitting Status: Successful

*************************  Mapped Resource Summary  **************************

Macrocells     Product Terms    Function Block   Registers      Pins           
Used/Tot       Used/Tot         Inps Used/Tot    Used/Tot       Used/Tot       
8  /72  ( 11%) 27  /360  (  7%) 21 /216 ( 10%)   0  /72  (  0%) 15 /34  ( 44%)

** Function Block Resources **

Function    Mcells      FB Inps     Pterms      IO          
Block       Used/Tot    Used/Tot    Used/Tot    Used/Tot    
FB1           3/18        7/54       10/90       3/ 9
FB2           2/18        7/54        9/90       2/ 9
FB3           2/18        7/54        8/90       2/ 9
FB4           1/18        0/54        0/90       1/ 7
             -----       -----       -----      -----    
              8/72       21/216      27/360      8/34 

* - Resource is exhausted

** Global Control Resources **

Global clock net(s) unused.
Global output enable net(s) unused.
Global set/reset net(s) unused.

** Pin Resources **

Signal Type    Required     Mapped  |  Pin Type            Used    Total 
------------------------------------|------------------------------------
Input         :    7           7    |  I/O              :    12      28
Output        :    8           8    |  GCK/IO           :     0       3
Bidirectional :    0           0    |  GTS/IO           :     2       2
GCK           :    0           0    |  GSR/IO           :     1       1
GTS           :    0           0    |
GSR           :    0           0    |
                 ----        ----
        Total     15          15

** Power Data **

There are 8 macrocells in high performance mode (MCHP).
There are 0 macrocells in low power mode (MCLP).
End of Mapped Resource Summary
*************************  Summary of Mapped Logic  ************************

** 8 Outputs **

Signal              Total Total Loc     Pin  Pin     Pin     Pwr  Slew Reg Init
Name                Pts   Inps          No.  Type    Use     Mode Rate State
Dis_7<4>            4     7     FB1_2   1    I/O     O       STD  FAST 
Dis_7<0>            3     7     FB1_6   3    I/O     O       STD  FAST 
Dis_7<6>            3     7     FB1_15  8    I/O     O       STD  FAST 
Dis_7<3>            4     7     FB2_2   35   I/O     O       STD  FAST 
Dis_7<5>            5     7     FB2_6   37   I/O     O       STD  FAST 
Dis_7<1>            4     7     FB3_2   11   I/O     O       STD  FAST 
Dis_7<2>            4     7     FB3_14  19   I/O     O       STD  FAST 
T                   0     0     FB4_2   25   I/O     O       STD  FAST 

** 7 Inputs **

Signal              Loc     Pin  Pin     Pin     
Name                        No.  Type    Use     
Ctrl<1>             FB2_5   36   I/O     I
Bin<1>              FB2_9   39   GSR/I/O I
Bin<3>              FB2_11  40   GTS/I/O I
Ctrl<2>             FB2_14  42   GTS/I/O I
Ctrl<0>             FB4_11  28   I/O     I
Bin<2>              FB4_14  29   I/O     I
Bin<0>              FB4_17  34   I/O     I

Legend:
Pin No. - ~ - User Assigned
**************************  Function Block Details  ************************
Legend:
Total Pt     - Total product terms used by the macrocell signal
Imp Pt       - Product terms imported from other macrocells
Exp Pt       - Product terms exported to other macrocells
               in direction shown
Unused Pt    - Unused local product terms remaining in macrocell
Loc          - Location where logic was mapped in device
Pin Type/Use - I  - Input             GCK - Global Clock
               O  - Output            GTS - Global Output Enable
              (b) - Buried macrocell  GSR - Global Set/Reset
X            - Signal used as input to the macrocell logic.
Pin No.      - ~  - User Assigned
*********************************** FB1  ***********************************
Number of function block inputs used/remaining:               7/47
Number of signals used by logic mapping into function block:  7
Signal              Total   Imp   Exp Unused  Loc     Pin   Pin     Pin
Name                Pt      Pt    Pt  Pt               #    Type    Use
(unused)              0       0     0   5     FB1_1         (b)     
Dis_7<4>              4       0     0   1     FB1_2   1     I/O     O
(unused)              0       0     0   5     FB1_3         (b)     
(unused)              0       0     0   5     FB1_4         (b)     
(unused)              0       0     0   5     FB1_5   2     I/O     
Dis_7<0>              3       0     0   2     FB1_6   3     I/O     O
(unused)              0       0     0   5     FB1_7         (b)     
(unused)              0       0     0   5     FB1_8   4     I/O     
(unused)              0       0     0   5     FB1_9   5     GCK/I/O 
(unused)              0       0     0   5     FB1_10        (b)     
(unused)              0       0     0   5     FB1_11  6     GCK/I/O 
(unused)              0       0     0   5     FB1_12        (b)     
(unused)              0       0     0   5     FB1_13        (b)     
(unused)              0       0     0   5     FB1_14  7     GCK/I/O 
Dis_7<6>              3       0     0   2     FB1_15  8     I/O     O
(unused)              0       0     0   5     FB1_16        (b)     
(unused)              0       0     0   5     FB1_17  9     I/O     
(unused)              0       0     0   5     FB1_18        (b)     

Signals Used by Logic in Function Block
  1: Bin<0>             4: Bin<3>             6: Ctrl<1> 
  2: Bin<1>             5: Ctrl<0>            7: Ctrl<2> 
  3: Bin<2>           

Signal                        1         2         3         4 FB
Name                0----+----0----+----0----+----0----+----0 Inputs
Dis_7<4>             XXXXXXX................................. 7
Dis_7<0>             XXXXXXX................................. 7
Dis_7<6>             XXXXXXX................................. 7
                    0----+----1----+----2----+----3----+----4
                              0         0         0         0
*********************************** FB2  ***********************************
Number of function block inputs used/remaining:               7/47
Number of signals used by logic mapping into function block:  7
Signal              Total   Imp   Exp Unused  Loc     Pin   Pin     Pin
Name                Pt      Pt    Pt  Pt               #    Type    Use
(unused)              0       0     0   5     FB2_1         (b)     
Dis_7<3>              4       0     0   1     FB2_2   35    I/O     O
(unused)              0       0     0   5     FB2_3         (b)     
(unused)              0       0     0   5     FB2_4         (b)     
(unused)              0       0     0   5     FB2_5   36    I/O     I
Dis_7<5>              5       0     0   0     FB2_6   37    I/O     O
(unused)              0       0     0   5     FB2_7         (b)     
(unused)              0       0     0   5     FB2_8   38    I/O     
(unused)              0       0     0   5     FB2_9   39    GSR/I/O I
(unused)              0       0     0   5     FB2_10        (b)     
(unused)              0       0     0   5     FB2_11  40    GTS/I/O I
(unused)              0       0     0   5     FB2_12        (b)     
(unused)              0       0     0   5     FB2_13        (b)     
(unused)              0       0     0   5     FB2_14  42    GTS/I/O I
(unused)              0       0     0   5     FB2_15  43    I/O     
(unused)              0       0     0   5     FB2_16        (b)     
(unused)              0       0     0   5     FB2_17  44    I/O     
(unused)              0       0     0   5     FB2_18        (b)     

Signals Used by Logic in Function Block
  1: Bin<0>             4: Bin<3>             6: Ctrl<1> 
  2: Bin<1>             5: Ctrl<0>            7: Ctrl<2> 
  3: Bin<2>           

Signal                        1         2         3         4 FB
Name                0----+----0----+----0----+----0----+----0 Inputs
Dis_7<3>             XXXXXXX................................. 7
Dis_7<5>             XXXXXXX................................. 7
                    0----+----1----+----2----+----3----+----4
                              0         0         0         0
*********************************** FB3  ***********************************
Number of function block inputs used/remaining:               7/47
Number of signals used by logic mapping into function block:  7
Signal              Total   Imp   Exp Unused  Loc     Pin   Pin     Pin
Name                Pt      Pt    Pt  Pt               #    Type    Use
(unused)              0       0     0   5     FB3_1         (b)     
Dis_7<1>              4       0     0   1     FB3_2   11    I/O     O
(unused)              0       0     0   5     FB3_3         (b)     
(unused)              0       0     0   5     FB3_4         (b)     
(unused)              0       0     0   5     FB3_5   12    I/O     
(unused)              0       0     0   5     FB3_6         (b)     
(unused)              0       0     0   5     FB3_7         (b)     
(unused)              0       0     0   5     FB3_8   13    I/O     
(unused)              0       0     0   5     FB3_9   14    I/O     
(unused)              0       0     0   5     FB3_10        (b)     
(unused)              0       0     0   5     FB3_11  18    I/O     
(unused)              0       0     0   5     FB3_12        (b)     
(unused)              0       0     0   5     FB3_13        (b)     
Dis_7<2>              4       0     0   1     FB3_14  19    I/O     O
(unused)              0       0     0   5     FB3_15  20    I/O     
(unused)              0       0     0   5     FB3_16  24    I/O     
(unused)              0       0     0   5     FB3_17  22    I/O     
(unused)              0       0     0   5     FB3_18        (b)     

Signals Used by Logic in Function Block
  1: Bin<0>             4: Bin<3>             6: Ctrl<1> 
  2: Bin<1>             5: Ctrl<0>            7: Ctrl<2> 
  3: Bin<2>           

Signal                        1         2         3         4 FB
Name                0----+----0----+----0----+----0----+----0 Inputs
Dis_7<1>             XXXXXXX................................. 7
Dis_7<2>             XXXXXXX................................. 7
                    0----+----1----+----2----+----3----+----4
                              0         0         0         0
*********************************** FB4  ***********************************
Number of function block inputs used/remaining:               0/54
Number of signals used by logic mapping into function block:  0
Signal              Total   Imp   Exp Unused  Loc     Pin   Pin     Pin
Name                Pt      Pt    Pt  Pt               #    Type    Use
(unused)              0       0     0   5     FB4_1         (b)     
T                     0       0     0   5     FB4_2   25    I/O     O
(unused)              0       0     0   5     FB4_3         (b)     
(unused)              0       0     0   5     FB4_4         (b)     
(unused)              0       0     0   5     FB4_5   26    I/O     
(unused)              0       0     0   5     FB4_6         (b)     
(unused)              0       0     0   5     FB4_7         (b)     
(unused)              0       0     0   5     FB4_8   27    I/O     
(unused)              0       0     0   5     FB4_9         (b)     
(unused)              0       0     0   5     FB4_10        (b)     
(unused)              0       0     0   5     FB4_11  28    I/O     I
(unused)              0       0     0   5     FB4_12        (b)     
(unused)              0       0     0   5     FB4_13        (b)     
(unused)              0       0     0   5     FB4_14  29    I/O     I
(unused)              0       0     0   5     FB4_15  33    I/O     
(unused)              0       0     0   5     FB4_16        (b)     
(unused)              0       0     0   5     FB4_17  34    I/O     I
(unused)              0       0     0   5     FB4_18        (b)     

Signals Used by Logic in Function Block

Signal                        1         2         3         4 FB
Name                0----+----0----+----0----+----0----+----0 Inputs
T                    ........................................ 0
                    0----+----1----+----2----+----3----+----4
                              0         0         0         0
*******************************  Equations  ********************************

********** Mapped Logic **********


Dis_7(0) <= NOT (((NOT Ctrl(1) AND Ctrl(0))
	OR (NOT Bin(2) AND NOT Ctrl(2) AND NOT Bin(3) AND NOT Bin(1) AND Ctrl(0))
	OR (Bin(2) AND NOT Ctrl(2) AND NOT Bin(3) AND Bin(1) AND Bin(0) AND 
	Ctrl(0))));


Dis_7(1) <= NOT (((NOT Ctrl(1) AND Ctrl(0))
	OR (NOT Bin(2) AND NOT Ctrl(2) AND NOT Bin(3) AND Bin(1) AND Ctrl(0))
	OR (NOT Bin(2) AND NOT Ctrl(2) AND NOT Bin(3) AND Bin(0) AND Ctrl(0))
	OR (NOT Ctrl(2) AND NOT Bin(3) AND Bin(1) AND Bin(0) AND Ctrl(0))));


Dis_7(2) <= NOT (((NOT Ctrl(1) AND Ctrl(0))
	OR (NOT Ctrl(2) AND NOT Bin(3) AND Bin(0) AND Ctrl(0))
	OR (Bin(2) AND NOT Ctrl(2) AND NOT Bin(3) AND NOT Bin(1) AND Ctrl(0))
	OR (NOT Bin(2) AND NOT Ctrl(2) AND NOT Bin(1) AND Bin(0) AND Ctrl(0))));


Dis_7(3) <= NOT (((NOT Ctrl(1) AND Ctrl(0))
	OR (NOT Bin(2) AND NOT Ctrl(2) AND NOT Bin(1) AND Bin(0) AND Ctrl(0))
	OR (Bin(2) AND NOT Ctrl(2) AND NOT Bin(3) AND Bin(1) AND Bin(0) AND 
	Ctrl(0))
	OR (Bin(2) AND NOT Ctrl(2) AND NOT Bin(3) AND NOT Bin(1) AND NOT Bin(0) AND 
	Ctrl(0))));


Dis_7(4) <= ((NOT Ctrl(0))
	OR (Bin(2) AND Ctrl(1) AND NOT Ctrl(2) AND NOT Bin(3))
	OR (NOT Bin(2) AND Ctrl(1) AND NOT Ctrl(2) AND NOT Bin(1))
	OR (Ctrl(1) AND NOT Ctrl(2) AND NOT Bin(3) AND Bin(0)));


Dis_7(5) <= ((NOT Ctrl(0))
	OR (NOT Bin(2) AND Ctrl(1) AND NOT Ctrl(2) AND NOT Bin(3))
	OR (NOT Bin(2) AND Ctrl(1) AND NOT Ctrl(2) AND NOT Bin(1))
	OR (Ctrl(1) AND NOT Ctrl(2) AND NOT Bin(3) AND Bin(1) AND Bin(0))
	OR (Ctrl(1) AND NOT Ctrl(2) AND NOT Bin(3) AND NOT Bin(1) AND NOT Bin(0)));


Dis_7(6) <= NOT (((NOT Ctrl(1) AND Ctrl(0))
	OR (Bin(2) AND NOT Ctrl(2) AND NOT Bin(3) AND NOT Bin(1) AND NOT Bin(0) AND 
	Ctrl(0))
	OR (NOT Bin(2) AND NOT Ctrl(2) AND NOT Bin(3) AND NOT Bin(1) AND Bin(0) AND 
	Ctrl(0))));


T <= '0';

Register Legend:
 FDCPE (Q,D,C,CLR,PRE,CE); 
 FTCPE (Q,D,C,CLR,PRE,CE); 
 LDCP  (Q,D,G,CLR,PRE); 

******************************  Device Pin Out *****************************

Device : XC9572XL-5-PC44


   --------------------------------  
  /6  5  4  3  2  1  44 43 42 41 40 \
 | 7                             39 | 
 | 8                             38 | 
 | 9                             37 | 
 | 10                            36 | 
 | 11        XC9572XL-5-PC44     35 | 
 | 12                            34 | 
 | 13                            33 | 
 | 14                            32 | 
 | 15                            31 | 
 | 16                            30 | 
 | 17                            29 | 
 \ 18 19 20 21 22 23 24 25 26 27 28 /
   --------------------------------  


Pin Signal                         Pin Signal                        
No. Name                           No. Name                          
  1 Dis_7<4>                         23 GND                           
  2 KPR                              24 KPR                           
  3 Dis_7<0>                         25 T                             
  4 KPR                              26 KPR                           
  5 KPR                              27 KPR                           
  6 KPR                              28 Ctrl<0>                       
  7 KPR                              29 Bin<2>                        
  8 Dis_7<6>                         30 TDO                           
  9 KPR                              31 GND                           
 10 GND                              32 VCC                           
 11 Dis_7<1>                         33 KPR                           
 12 KPR                              34 Bin<0>                        
 13 KPR                              35 Dis_7<3>                      
 14 KPR                              36 Ctrl<1>                       
 15 TDI                              37 Dis_7<5>                      
 16 TMS                              38 KPR                           
 17 TCK                              39 Bin<1>                        
 18 KPR                              40 Bin<3>                        
 19 Dis_7<2>                         41 VCC                           
 20 KPR                              42 Ctrl<2>                       
 21 VCC                              43 KPR                           
 22 KPR                              44 KPR                           


Legend :  NC  = Not Connected, unbonded pin
         PGND = Unused I/O configured as additional Ground pin
         TIE  = Unused I/O floating -- must tie to VCC, GND or other signal
         KPR  = Unused I/O with weak keeper (leave unconnected)
         VCC  = Dedicated Power Pin
         GND  = Dedicated Ground Pin
         TDI  = Test Data In, JTAG pin
         TDO  = Test Data Out, JTAG pin
         TCK  = Test Clock, JTAG pin
         TMS  = Test Mode Select, JTAG pin
  PROHIBITED  = User reserved pin
****************************  Compiler Options  ****************************

Following is a list of all global compiler options used by the fitter run.

Device(s) Specified                         : xc9572xl-5-PC44
Optimization Method                         : SPEED
Multi-Level Logic Optimization              : ON
Ignore Timing Specifications                : OFF
Default Register Power Up Value             : LOW
Keep User Location Constraints              : ON
What-You-See-Is-What-You-Get                : OFF
Exhaustive Fitting                          : OFF
Keep Unused Inputs                          : OFF
Slew Rate                                   : FAST
Power Mode                                  : STD
Ground on Unused IOs                        : OFF
Set I/O Pin Termination                     : KEEPER
Global Clock Optimization                   : ON
Global Set/Reset Optimization               : ON
Global Ouput Enable Optimization            : ON
Input Limit                                 : 54
Pterm Limit                                 : 25
