#-----------------------------------------------------------
# PlanAhead v14.7 (64-bit)
# Build 321239 by xbuild on Fri Sep 27 19:29:51 MDT 2013
# Start of session at: Wed Nov 23 00:50:52 2016
# Process ID: 17252
# Log file: C:/Users/facun/Desktop/Lab 5/Counter_mod5_ShiftR/planAhead_run_2/planAhead.log
# Journal file: C:/Users/facun/Desktop/Lab 5/Counter_mod5_ShiftR/planAhead_run_2/planAhead.jou
#-----------------------------------------------------------
INFO: [Common 17-78] Attempting to get a license: PlanAhead
INFO: [Common 17-290] Got license for PlanAhead
INFO: [Device 21-36] Loading parts and site information from C:/Xilinx/14.7/ISE_DS/PlanAhead/data/parts/arch.xml
Parsing RTL primitives file [C:/Xilinx/14.7/ISE_DS/PlanAhead/data/parts/xilinx/rtl/prims/rtl_prims.xml]
Finished parsing RTL primitives file [C:/Xilinx/14.7/ISE_DS/PlanAhead/data/parts/xilinx/rtl/prims/rtl_prims.xml]
start_gui
source {C:/Users/facun/Desktop/Lab 5/Counter_mod5_ShiftR/pa.fromNetlist.tcl}
# create_project -name Counter_mod5_ShiftR -dir "C:/Users/facun/Desktop/Lab 5/Counter_mod5_ShiftR/planAhead_run_2" -part xc3s100etq144-4
ERROR: [Common 17-53] User Exception: Project already exists on disk, please use '-force' option to overwrite: 
     C:/Users/facun/Desktop/Lab 5/Counter_mod5_ShiftR/planAhead_run_2/Counter_mod5_ShiftR.ppr
     C:/Users/facun/Desktop/Lab 5/Counter_mod5_ShiftR/planAhead_run_2/Counter_mod5_ShiftR.data

    while executing
"create_project -name Counter_mod5_ShiftR -dir "C:/Users/facun/Desktop/Lab 5/Counter_mod5_ShiftR/planAhead_run_2" -part xc3s100etq144-4"
    (file "C:/Users/facun/Desktop/Lab 5/Counter_mod5_ShiftR/pa.fromNetlist.tcl" line 4)
exit
INFO: [Common 17-206] Exiting PlanAhead at Wed Nov 23 00:51:09 2016...
INFO: [Common 17-83] Releasing license: PlanAhead
